2026-6-25 20:40:40 - log: Load engine in C:\ProgramData\cocos\editors\Creator\3.8.8\resources\resources\3d\engine
2026-6-25 20:40:40 - log: Register native engine in C:\ProgramData\cocos\editors\Creator\3.8.8\resources\resources\3d\engine\native
2026-6-25 20:40:41 - log: Request namespace: device-list
2026-6-25 20:40:47 - info: [PreviewInEditor] 预览环境初始化完毕
2026-6-25 20:40:50 - log: [Scene] meshopt wasm decoder initialized
2026-6-25 20:40:50 - log: [Scene] [bullet]:bullet wasm lib loaded.
2026-6-25 20:40:50 - log: [Scene] [box2d]:box2d wasm lib loaded.
2026-6-25 20:40:50 - log: [Scene] [PHYSICS]: using builtin.
2026-6-25 20:40:50 - log: [Scene] Cocos Creator v3.8.8
2026-6-25 20:40:50 - error: [Scene] {hidden(::SceneExecutorImportExceptionHandler::)} Error: 宿主无法解析代码块 D:\Works\Cocos\WxMiniGames\MiniGameArrow\temp\programming\packer-driver\targets\editor\chunks\50\50ec684ab28702df18cf262b25c26ec6d899c3a5.js
这是因为
Error: Cannot find module 'D:\Works\Cocos\WxMiniGames\MiniGameArrow\temp\programming\packer-driver\targets\editor\chunks\50\50ec684ab28702df18cf262b25c26ec6d899c3a5.js'
Require stack:
- C:\ProgramData\cocos\editors\Creator\3.8.8\resources\app.asar\node_modules\@editor\lib-programming\dist\executor\pack-mod-instantiation.js
- C:\ProgramData\cocos\editors\Creator\3.8.8\resources\app.asar\node_modules\@editor\lib-programming\dist\executor\index.js
- C:\ProgramData\cocos\editors\Creator\3.8.8\resources\app.asar\builtin\scene\dist\script\3d\manager\scripts.ccc
- C:\ProgramData\cocos\editors\Creator\3.8.8\resources\app.asar\builtin\scene\dist\script\3d\manager\startup\engine\index.ccc
- C:\ProgramData\cocos\editors\Creator\3.8.8\resources\app.asar\builtin\scene\dist\script\3d\manager\startup\index.ccc
- C:\ProgramData\cocos\editors\Creator\3.8.8\resources\app.asar\builtin\scene\dist\script\3d\preload\main.js
- C:\ProgramData\cocos\editors\Creator\3.8.8\resources\app.asar\builtin\scene\dist\script\3d\preload\web\preload.js
- electron/js2c/renderer_init
    at Object.evaluate (C:\ProgramData\cocos\editors\Creator\3.8.8\resources\app.asar\node_modules\@editor\lib-programming\src\executor\pack-mod-instantiation.ts:20:19)
    at PackModInstantiation._evalCode2 (C:\ProgramData\cocos\editors\Creator\3.8.8\resources\app.asar\node_modules\@editor\lib-programming\src\executor\pack-mod-instantiation.ts:159:31)
    at PackModInstantiation.instantiate (C:\ProgramData\cocos\editors\Creator\3.8.8\resources\app.asar\node_modules\@editor\lib-programming\src\executor\pack-mod-instantiation.ts:90:41)
    at C:\ProgramData\cocos\editors\Creator\3.8.8\resources\app.asar\node_modules\@editor\lib-programming\src\executor\index.ts:143:34
    at ExecutorSystem._instantiate (C:\ProgramData\cocos\editors\Creator\3.8.8\resources\app.asar\node_modules\@editor\lib-programming\src\editor-systemjs\index.ts:167:30)
    at file:///D:/Works/Cocos/WxMiniGames/MiniGameArrow/temp/programming/packer-driver/targets/editor/chunks/6d/cce:/internal/x/prerequisite-imports:8:13
    at Object.execute (file:///D:/Works/Cocos/WxMiniGames/MiniGameArrow/temp/programming/packer-driver/targets/editor/chunks/6d/cce:/internal/x/prerequisite-imports:4:1)
    at Executor._importPrerequisiteModules (C:\ProgramData\cocos\editors\Creator\3.8.8\resources\app.asar\node_modules\@editor\lib-programming\src\executor\index.ts:358:13)
    at Executor.reload (C:\ProgramData\cocos\editors\Creator\3.8.8\resources\app.asar\node_modules\@editor\lib-programming\src\executor\index.ts:235:13)
    at C:\ProgramData\cocos\editors\Creator\3.8.8\resources\app.asar\builtin\scene\dist\script\3d\manager\scripts.ccc:1:1893
    at GlobalEnv.processQueue (C:\ProgramData\cocos\editors\Creator\3.8.8\resources\app.asar\builtin\scene\dist\script\3d\manager\scripts.ccc:1:2290)
    at GlobalEnv.record (C:\ProgramData\cocos\editors\Creator\3.8.8\resources\app.asar\builtin\scene\dist\script\3d\manager\scripts.ccc:1:2061)
    at ScriptManager.init (C:\ProgramData\cocos\editors\Creator\3.8.8\resources\app.asar\builtin\scene\dist\script\3d\manager\scripts.ccc:1:4024)Error: [Scene] {hidden(::SceneExecutorImportExceptionHandler::)} Error: 宿主无法解析代码块 D:\Works\Cocos\WxMiniGames\MiniGameArrow\temp\programming\packer-driver\targets\editor\chunks\50\50ec684ab28702df18cf262b25c26ec6d899c3a5.js
这是因为
Error: Cannot find module 'D:\Works\Cocos\WxMiniGames\MiniGameArrow\temp\programming\packer-driver\targets\editor\chunks\50\50ec684ab28702df18cf262b25c26ec6d899c3a5.js'
Require stack:
- C:\ProgramData\cocos\editors\Creator\3.8.8\resources\app.asar\node_modules\@editor\lib-programming\dist\executor\pack-mod-instantiation.js
- C:\ProgramData\cocos\editors\Creator\3.8.8\resources\app.asar\node_modules\@editor\lib-programming\dist\executor\index.js
- C:\ProgramData\cocos\editors\Creator\3.8.8\resources\app.asar\builtin\scene\dist\script\3d\manager\scripts.ccc
- C:\ProgramData\cocos\editors\Creator\3.8.8\resources\app.asar\builtin\scene\dist\script\3d\manager\startup\engine\index.ccc
- C:\ProgramData\cocos\editors\Creator\3.8.8\resources\app.asar\builtin\scene\dist\script\3d\manager\startup\index.ccc
- C:\ProgramData\cocos\editors\Creator\3.8.8\resources\app.asar\builtin\scene\dist\script\3d\preload\main.js
- C:\ProgramData\cocos\editors\Creator\3.8.8\resources\app.asar\builtin\scene\dist\script\3d\preload\web\preload.js
- electron/js2c/renderer_init
    at C:\ProgramData\cocos\editors\Creator\3.8.8\resources\app.asar\node_modules\@editor\lib-programming\src\executor\index.ts:143:34
    at ExecutorSystem._instantiate (C:\ProgramData\cocos\editors\Creator\3.8.8\resources\app.asar\node_modules\@editor\lib-programming\src\editor-systemjs\index.ts:167:30)
    at file:///D:/Works/Cocos/WxMiniGames/MiniGameArrow/temp/programming/packer-driver/targets/editor/chunks/6d/cce:/internal/x/prerequisite-imports:8:13
    at Object.execute (file:///D:/Works/Cocos/WxMiniGames/MiniGameArrow/temp/programming/packer-driver/targets/editor/chunks/6d/cce:/internal/x/prerequisite-imports:4:1)
    at Executor._importPrerequisiteModules (C:\ProgramData\cocos\editors\Creator\3.8.8\resources\app.asar\node_modules\@editor\lib-programming\src\executor\index.ts:358:13)
    at Executor.reload (C:\ProgramData\cocos\editors\Creator\3.8.8\resources\app.asar\node_modules\@editor\lib-programming\src\executor\index.ts:235:13)
    at C:\ProgramData\cocos\editors\Creator\3.8.8\resources\app.asar\builtin\scene\dist\script\3d\manager\scripts.ccc:1:1893
    at GlobalEnv.processQueue (C:\ProgramData\cocos\editors\Creator\3.8.8\resources\app.asar\builtin\scene\dist\script\3d\manager\scripts.ccc:1:2290)
    at GlobalEnv.record (C:\ProgramData\cocos\editors\Creator\3.8.8\resources\app.asar\builtin\scene\dist\script\3d\manager\scripts.ccc:1:2061)
    at ScriptManager.init (C:\ProgramData\cocos\editors\Creator\3.8.8\resources\app.asar\builtin\scene\dist\script\3d\manager\scripts.ccc:1:4024)
    at Logger._logHandler (C:\ProgramData\cocos\editors\Creator\3.8.8\resources\app.asar\builtin\scene\dist\script\3d\manager\startup\log.ccc:1:487)
    at Logger.record (C:\ProgramData\cocos\editors\Creator\3.8.8\resources\app.asar\node_modules\@base\electron-logger\lib\renderer.ccc:1:458)
    at console.<anonymous> (C:\ProgramData\cocos\editors\Creator\3.8.8\resources\app.asar\node_modules\@base\electron-logger\lib\renderer.ccc:1:1414)
    at console.error (C:\ProgramData\cocos\editors\Creator\3.8.8\resources\app.asar\node_modules\@sentry\core\src\utils-hoist\instrument\console.ts:40:14)
    at ScriptManager._handleImportException (C:\ProgramData\cocos\editors\Creator\3.8.8\resources\app.asar\builtin\scene\dist\script\3d\manager\scripts.ccc:1:5678)
    at Executor.importExceptionHandler [as _importExceptionHandler] (C:\ProgramData\cocos\editors\Creator\3.8.8\resources\app.asar\builtin\scene\dist\script\3d\manager\scripts.ccc:1:3834)
    at Executor._onModuleLoaded (C:\ProgramData\cocos\editors\Creator\3.8.8\resources\app.asar\node_modules\@editor\lib-programming\src\executor\index.ts:401:22)
    at SystemJS.onload (C:\ProgramData\cocos\editors\Creator\3.8.8\resources\app.asar\node_modules\@editor\lib-programming\src\executor\index.ts:99:18)
    at triggerOnload (C:\ProgramData\cocos\editors\Creator\3.8.8\resources\app.asar\node_modules\@editor\lib-programming\static\executor\systemjs-bridge\out\index.js:270:10)
    at C:\ProgramData\cocos\editors\Creator\3.8.8\resources\app.asar\node_modules\@editor\lib-programming\static\executor\systemjs-bridge\out\index.js:347:5
    at file:///D:/Works/Cocos/WxMiniGames/MiniGameArrow/temp/programming/packer-driver/targets/editor/chunks/6d/cce:/internal/x/prerequisite-imports:8:13
    at Object.execute (file:///D:/Works/Cocos/WxMiniGames/MiniGameArrow/temp/programming/packer-driver/targets/editor/chunks/6d/cce:/internal/x/prerequisite-imports:4:1)
    at Executor._importPrerequisiteModules (C:\ProgramData\cocos\editors\Creator\3.8.8\resources\app.asar\node_modules\@editor\lib-programming\src\executor\index.ts:358:13)
    at Executor.reload (C:\ProgramData\cocos\editors\Creator\3.8.8\resources\app.asar\node_modules\@editor\lib-programming\src\executor\index.ts:235:13)
    at C:\ProgramData\cocos\editors\Creator\3.8.8\resources\app.asar\builtin\scene\dist\script\3d\manager\scripts.ccc:1:1893
    at GlobalEnv.processQueue (C:\ProgramData\cocos\editors\Creator\3.8.8\resources\app.asar\builtin\scene\dist\script\3d\manager\scripts.ccc:1:2290)
    at GlobalEnv.record (C:\ProgramData\cocos\editors\Creator\3.8.8\resources\app.asar\builtin\scene\dist\script\3d\manager\scripts.ccc:1:2061)
    at ScriptManager.init (C:\ProgramData\cocos\editors\Creator\3.8.8\resources\app.asar\builtin\scene\dist\script\3d\manager\scripts.ccc:1:4024)
2026-6-25 20:40:50 - error: [Scene] {hidden(::SceneExecutorImportExceptionHandler::)} Error: 宿主无法解析代码块 D:\Works\Cocos\WxMiniGames\MiniGameArrow\temp\programming\packer-driver\targets\editor\chunks\b1\b18130d786bcadd1d0cb653401afdf2ede79b799.js
这是因为
Error: Cannot find module 'D:\Works\Cocos\WxMiniGames\MiniGameArrow\temp\programming\packer-driver\targets\editor\chunks\b1\b18130d786bcadd1d0cb653401afdf2ede79b799.js'
Require stack:
- C:\ProgramData\cocos\editors\Creator\3.8.8\resources\app.asar\node_modules\@editor\lib-programming\dist\executor\pack-mod-instantiation.js
- C:\ProgramData\cocos\editors\Creator\3.8.8\resources\app.asar\node_modules\@editor\lib-programming\dist\executor\index.js
- C:\ProgramData\cocos\editors\Creator\3.8.8\resources\app.asar\builtin\scene\dist\script\3d\manager\scripts.ccc
- C:\ProgramData\cocos\editors\Creator\3.8.8\resources\app.asar\builtin\scene\dist\script\3d\manager\startup\engine\index.ccc
- C:\ProgramData\cocos\editors\Creator\3.8.8\resources\app.asar\builtin\scene\dist\script\3d\manager\startup\index.ccc
- C:\ProgramData\cocos\editors\Creator\3.8.8\resources\app.asar\builtin\scene\dist\script\3d\preload\main.js
- C:\ProgramData\cocos\editors\Creator\3.8.8\resources\app.asar\builtin\scene\dist\script\3d\preload\web\preload.js
- electron/js2c/renderer_init
    at Object.evaluate (C:\ProgramData\cocos\editors\Creator\3.8.8\resources\app.asar\node_modules\@editor\lib-programming\src\executor\pack-mod-instantiation.ts:20:19)
    at PackModInstantiation._evalCode2 (C:\ProgramData\cocos\editors\Creator\3.8.8\resources\app.asar\node_modules\@editor\lib-programming\src\executor\pack-mod-instantiation.ts:159:31)
    at PackModInstantiation.instantiate (C:\ProgramData\cocos\editors\Creator\3.8.8\resources\app.asar\node_modules\@editor\lib-programming\src\executor\pack-mod-instantiation.ts:90:41)
    at C:\ProgramData\cocos\editors\Creator\3.8.8\resources\app.asar\node_modules\@editor\lib-programming\src\executor\index.ts:143:34
    at ExecutorSystem._instantiate (C:\ProgramData\cocos\editors\Creator\3.8.8\resources\app.asar\node_modules\@editor\lib-programming\src\editor-systemjs\index.ts:167:30)
    at file:///D:/Works/Cocos/WxMiniGames/MiniGameArrow/temp/programming/packer-driver/targets/editor/chunks/6d/cce:/internal/x/prerequisite-imports:8:13
    at Object.execute (file:///D:/Works/Cocos/WxMiniGames/MiniGameArrow/temp/programming/packer-driver/targets/editor/chunks/6d/cce:/internal/x/prerequisite-imports:4:1)
    at Executor._importPrerequisiteModules (C:\ProgramData\cocos\editors\Creator\3.8.8\resources\app.asar\node_modules\@editor\lib-programming\src\executor\index.ts:358:13)
    at Executor.reload (C:\ProgramData\cocos\editors\Creator\3.8.8\resources\app.asar\node_modules\@editor\lib-programming\src\executor\index.ts:235:13)
    at C:\ProgramData\cocos\editors\Creator\3.8.8\resources\app.asar\builtin\scene\dist\script\3d\manager\scripts.ccc:1:1893
    at GlobalEnv.processQueue (C:\ProgramData\cocos\editors\Creator\3.8.8\resources\app.asar\builtin\scene\dist\script\3d\manager\scripts.ccc:1:2290)
    at GlobalEnv.record (C:\ProgramData\cocos\editors\Creator\3.8.8\resources\app.asar\builtin\scene\dist\script\3d\manager\scripts.ccc:1:2061)
    at ScriptManager.init (C:\ProgramData\cocos\editors\Creator\3.8.8\resources\app.asar\builtin\scene\dist\script\3d\manager\scripts.ccc:1:4024)Error: [Scene] {hidden(::SceneExecutorImportExceptionHandler::)} Error: 宿主无法解析代码块 D:\Works\Cocos\WxMiniGames\MiniGameArrow\temp\programming\packer-driver\targets\editor\chunks\b1\b18130d786bcadd1d0cb653401afdf2ede79b799.js
这是因为
Error: Cannot find module 'D:\Works\Cocos\WxMiniGames\MiniGameArrow\temp\programming\packer-driver\targets\editor\chunks\b1\b18130d786bcadd1d0cb653401afdf2ede79b799.js'
Require stack:
- C:\ProgramData\cocos\editors\Creator\3.8.8\resources\app.asar\node_modules\@editor\lib-programming\dist\executor\pack-mod-instantiation.js
- C:\ProgramData\cocos\editors\Creator\3.8.8\resources\app.asar\node_modules\@editor\lib-programming\dist\executor\index.js
- C:\ProgramData\cocos\editors\Creator\3.8.8\resources\app.asar\builtin\scene\dist\script\3d\manager\scripts.ccc
- C:\ProgramData\cocos\editors\Creator\3.8.8\resources\app.asar\builtin\scene\dist\script\3d\manager\startup\engine\index.ccc
- C:\ProgramData\cocos\editors\Creator\3.8.8\resources\app.asar\builtin\scene\dist\script\3d\manager\startup\index.ccc
- C:\ProgramData\cocos\editors\Creator\3.8.8\resources\app.asar\builtin\scene\dist\script\3d\preload\main.js
- C:\ProgramData\cocos\editors\Creator\3.8.8\resources\app.asar\builtin\scene\dist\script\3d\preload\web\preload.js
- electron/js2c/renderer_init
    at C:\ProgramData\cocos\editors\Creator\3.8.8\resources\app.asar\node_modules\@editor\lib-programming\src\executor\index.ts:143:34
    at ExecutorSystem._instantiate (C:\ProgramData\cocos\editors\Creator\3.8.8\resources\app.asar\node_modules\@editor\lib-programming\src\editor-systemjs\index.ts:167:30)
    at file:///D:/Works/Cocos/WxMiniGames/MiniGameArrow/temp/programming/packer-driver/targets/editor/chunks/6d/cce:/internal/x/prerequisite-imports:8:13
    at Object.execute (file:///D:/Works/Cocos/WxMiniGames/MiniGameArrow/temp/programming/packer-driver/targets/editor/chunks/6d/cce:/internal/x/prerequisite-imports:4:1)
    at Executor._importPrerequisiteModules (C:\ProgramData\cocos\editors\Creator\3.8.8\resources\app.asar\node_modules\@editor\lib-programming\src\executor\index.ts:358:13)
    at Executor.reload (C:\ProgramData\cocos\editors\Creator\3.8.8\resources\app.asar\node_modules\@editor\lib-programming\src\executor\index.ts:235:13)
    at C:\ProgramData\cocos\editors\Creator\3.8.8\resources\app.asar\builtin\scene\dist\script\3d\manager\scripts.ccc:1:1893
    at GlobalEnv.processQueue (C:\ProgramData\cocos\editors\Creator\3.8.8\resources\app.asar\builtin\scene\dist\script\3d\manager\scripts.ccc:1:2290)
    at GlobalEnv.record (C:\ProgramData\cocos\editors\Creator\3.8.8\resources\app.asar\builtin\scene\dist\script\3d\manager\scripts.ccc:1:2061)
    at ScriptManager.init (C:\ProgramData\cocos\editors\Creator\3.8.8\resources\app.asar\builtin\scene\dist\script\3d\manager\scripts.ccc:1:4024)
    at Logger._logHandler (C:\ProgramData\cocos\editors\Creator\3.8.8\resources\app.asar\builtin\scene\dist\script\3d\manager\startup\log.ccc:1:487)
    at Logger.record (C:\ProgramData\cocos\editors\Creator\3.8.8\resources\app.asar\node_modules\@base\electron-logger\lib\renderer.ccc:1:458)
    at console.<anonymous> (C:\ProgramData\cocos\editors\Creator\3.8.8\resources\app.asar\node_modules\@base\electron-logger\lib\renderer.ccc:1:1414)
    at console.error (C:\ProgramData\cocos\editors\Creator\3.8.8\resources\app.asar\node_modules\@sentry\core\src\utils-hoist\instrument\console.ts:40:14)
    at ScriptManager._handleImportException (C:\ProgramData\cocos\editors\Creator\3.8.8\resources\app.asar\builtin\scene\dist\script\3d\manager\scripts.ccc:1:5678)
    at Executor.importExceptionHandler [as _importExceptionHandler] (C:\ProgramData\cocos\editors\Creator\3.8.8\resources\app.asar\builtin\scene\dist\script\3d\manager\scripts.ccc:1:3834)
    at Executor._onModuleLoaded (C:\ProgramData\cocos\editors\Creator\3.8.8\resources\app.asar\node_modules\@editor\lib-programming\src\executor\index.ts:401:22)
    at SystemJS.onload (C:\ProgramData\cocos\editors\Creator\3.8.8\resources\app.asar\node_modules\@editor\lib-programming\src\executor\index.ts:99:18)
    at triggerOnload (C:\ProgramData\cocos\editors\Creator\3.8.8\resources\app.asar\node_modules\@editor\lib-programming\static\executor\systemjs-bridge\out\index.js:270:10)
    at C:\ProgramData\cocos\editors\Creator\3.8.8\resources\app.asar\node_modules\@editor\lib-programming\static\executor\systemjs-bridge\out\index.js:347:5
    at file:///D:/Works/Cocos/WxMiniGames/MiniGameArrow/temp/programming/packer-driver/targets/editor/chunks/6d/cce:/internal/x/prerequisite-imports:8:13
    at Object.execute (file:///D:/Works/Cocos/WxMiniGames/MiniGameArrow/temp/programming/packer-driver/targets/editor/chunks/6d/cce:/internal/x/prerequisite-imports:4:1)
    at Executor._importPrerequisiteModules (C:\ProgramData\cocos\editors\Creator\3.8.8\resources\app.asar\node_modules\@editor\lib-programming\src\executor\index.ts:358:13)
    at Executor.reload (C:\ProgramData\cocos\editors\Creator\3.8.8\resources\app.asar\node_modules\@editor\lib-programming\src\executor\index.ts:235:13)
    at C:\ProgramData\cocos\editors\Creator\3.8.8\resources\app.asar\builtin\scene\dist\script\3d\manager\scripts.ccc:1:1893
    at GlobalEnv.processQueue (C:\ProgramData\cocos\editors\Creator\3.8.8\resources\app.asar\builtin\scene\dist\script\3d\manager\scripts.ccc:1:2290)
    at GlobalEnv.record (C:\ProgramData\cocos\editors\Creator\3.8.8\resources\app.asar\builtin\scene\dist\script\3d\manager\scripts.ccc:1:2061)
    at ScriptManager.init (C:\ProgramData\cocos\editors\Creator\3.8.8\resources\app.asar\builtin\scene\dist\script\3d\manager\scripts.ccc:1:4024)
2026-6-25 20:40:50 - error: [Scene] {hidden(::SceneExecutorImportExceptionHandler::)} Error: 宿主无法解析代码块 D:\Works\Cocos\WxMiniGames\MiniGameArrow\temp\programming\packer-driver\targets\editor\chunks\e2\e2831fde95d58c09916d0f882742b7597544b8d1.js
这是因为
Error: Cannot find module 'D:\Works\Cocos\WxMiniGames\MiniGameArrow\temp\programming\packer-driver\targets\editor\chunks\e2\e2831fde95d58c09916d0f882742b7597544b8d1.js'
Require stack:
- C:\ProgramData\cocos\editors\Creator\3.8.8\resources\app.asar\node_modules\@editor\lib-programming\dist\executor\pack-mod-instantiation.js
- C:\ProgramData\cocos\editors\Creator\3.8.8\resources\app.asar\node_modules\@editor\lib-programming\dist\executor\index.js
- C:\ProgramData\cocos\editors\Creator\3.8.8\resources\app.asar\builtin\scene\dist\script\3d\manager\scripts.ccc
- C:\ProgramData\cocos\editors\Creator\3.8.8\resources\app.asar\builtin\scene\dist\script\3d\manager\startup\engine\index.ccc
- C:\ProgramData\cocos\editors\Creator\3.8.8\resources\app.asar\builtin\scene\dist\script\3d\manager\startup\index.ccc
- C:\ProgramData\cocos\editors\Creator\3.8.8\resources\app.asar\builtin\scene\dist\script\3d\preload\main.js
- C:\ProgramData\cocos\editors\Creator\3.8.8\resources\app.asar\builtin\scene\dist\script\3d\preload\web\preload.js
- electron/js2c/renderer_init
    at Object.evaluate (C:\ProgramData\cocos\editors\Creator\3.8.8\resources\app.asar\node_modules\@editor\lib-programming\src\executor\pack-mod-instantiation.ts:20:19)
    at PackModInstantiation._evalCode2 (C:\ProgramData\cocos\editors\Creator\3.8.8\resources\app.asar\node_modules\@editor\lib-programming\src\executor\pack-mod-instantiation.ts:159:31)
    at PackModInstantiation.instantiate (C:\ProgramData\cocos\editors\Creator\3.8.8\resources\app.asar\node_modules\@editor\lib-programming\src\executor\pack-mod-instantiation.ts:90:41)
    at C:\ProgramData\cocos\editors\Creator\3.8.8\resources\app.asar\node_modules\@editor\lib-programming\src\executor\index.ts:143:34
    at ExecutorSystem._instantiate (C:\ProgramData\cocos\editors\Creator\3.8.8\resources\app.asar\node_modules\@editor\lib-programming\src\editor-systemjs\index.ts:167:30)
    at file:///D:/Works/Cocos/WxMiniGames/MiniGameArrow/temp/programming/packer-driver/targets/editor/chunks/6d/cce:/internal/x/prerequisite-imports:8:13
    at Object.execute (file:///D:/Works/Cocos/WxMiniGames/MiniGameArrow/temp/programming/packer-driver/targets/editor/chunks/6d/cce:/internal/x/prerequisite-imports:4:1)
    at Executor._importPrerequisiteModules (C:\ProgramData\cocos\editors\Creator\3.8.8\resources\app.asar\node_modules\@editor\lib-programming\src\executor\index.ts:358:13)
    at Executor.reload (C:\ProgramData\cocos\editors\Creator\3.8.8\resources\app.asar\node_modules\@editor\lib-programming\src\executor\index.ts:235:13)
    at C:\ProgramData\cocos\editors\Creator\3.8.8\resources\app.asar\builtin\scene\dist\script\3d\manager\scripts.ccc:1:1893
    at GlobalEnv.processQueue (C:\ProgramData\cocos\editors\Creator\3.8.8\resources\app.asar\builtin\scene\dist\script\3d\manager\scripts.ccc:1:2290)
    at GlobalEnv.record (C:\ProgramData\cocos\editors\Creator\3.8.8\resources\app.asar\builtin\scene\dist\script\3d\manager\scripts.ccc:1:2061)
    at ScriptManager.init (C:\ProgramData\cocos\editors\Creator\3.8.8\resources\app.asar\builtin\scene\dist\script\3d\manager\scripts.ccc:1:4024)Error: [Scene] {hidden(::SceneExecutorImportExceptionHandler::)} Error: 宿主无法解析代码块 D:\Works\Cocos\WxMiniGames\MiniGameArrow\temp\programming\packer-driver\targets\editor\chunks\e2\e2831fde95d58c09916d0f882742b7597544b8d1.js
这是因为
Error: Cannot find module 'D:\Works\Cocos\WxMiniGames\MiniGameArrow\temp\programming\packer-driver\targets\editor\chunks\e2\e2831fde95d58c09916d0f882742b7597544b8d1.js'
Require stack:
- C:\ProgramData\cocos\editors\Creator\3.8.8\resources\app.asar\node_modules\@editor\lib-programming\dist\executor\pack-mod-instantiation.js
- C:\ProgramData\cocos\editors\Creator\3.8.8\resources\app.asar\node_modules\@editor\lib-programming\dist\executor\index.js
- C:\ProgramData\cocos\editors\Creator\3.8.8\resources\app.asar\builtin\scene\dist\script\3d\manager\scripts.ccc
- C:\ProgramData\cocos\editors\Creator\3.8.8\resources\app.asar\builtin\scene\dist\script\3d\manager\startup\engine\index.ccc
- C:\ProgramData\cocos\editors\Creator\3.8.8\resources\app.asar\builtin\scene\dist\script\3d\manager\startup\index.ccc
- C:\ProgramData\cocos\editors\Creator\3.8.8\resources\app.asar\builtin\scene\dist\script\3d\preload\main.js
- C:\ProgramData\cocos\editors\Creator\3.8.8\resources\app.asar\builtin\scene\dist\script\3d\preload\web\preload.js
- electron/js2c/renderer_init
    at C:\ProgramData\cocos\editors\Creator\3.8.8\resources\app.asar\node_modules\@editor\lib-programming\src\executor\index.ts:143:34
    at ExecutorSystem._instantiate (C:\ProgramData\cocos\editors\Creator\3.8.8\resources\app.asar\node_modules\@editor\lib-programming\src\editor-systemjs\index.ts:167:30)
    at file:///D:/Works/Cocos/WxMiniGames/MiniGameArrow/temp/programming/packer-driver/targets/editor/chunks/6d/cce:/internal/x/prerequisite-imports:8:13
    at Object.execute (file:///D:/Works/Cocos/WxMiniGames/MiniGameArrow/temp/programming/packer-driver/targets/editor/chunks/6d/cce:/internal/x/prerequisite-imports:4:1)
    at Executor._importPrerequisiteModules (C:\ProgramData\cocos\editors\Creator\3.8.8\resources\app.asar\node_modules\@editor\lib-programming\src\executor\index.ts:358:13)
    at Executor.reload (C:\ProgramData\cocos\editors\Creator\3.8.8\resources\app.asar\node_modules\@editor\lib-programming\src\executor\index.ts:235:13)
    at C:\ProgramData\cocos\editors\Creator\3.8.8\resources\app.asar\builtin\scene\dist\script\3d\manager\scripts.ccc:1:1893
    at GlobalEnv.processQueue (C:\ProgramData\cocos\editors\Creator\3.8.8\resources\app.asar\builtin\scene\dist\script\3d\manager\scripts.ccc:1:2290)
    at GlobalEnv.record (C:\ProgramData\cocos\editors\Creator\3.8.8\resources\app.asar\builtin\scene\dist\script\3d\manager\scripts.ccc:1:2061)
    at ScriptManager.init (C:\ProgramData\cocos\editors\Creator\3.8.8\resources\app.asar\builtin\scene\dist\script\3d\manager\scripts.ccc:1:4024)
    at Logger._logHandler (C:\ProgramData\cocos\editors\Creator\3.8.8\resources\app.asar\builtin\scene\dist\script\3d\manager\startup\log.ccc:1:487)
    at Logger.record (C:\ProgramData\cocos\editors\Creator\3.8.8\resources\app.asar\node_modules\@base\electron-logger\lib\renderer.ccc:1:458)
    at console.<anonymous> (C:\ProgramData\cocos\editors\Creator\3.8.8\resources\app.asar\node_modules\@base\electron-logger\lib\renderer.ccc:1:1414)
    at console.error (C:\ProgramData\cocos\editors\Creator\3.8.8\resources\app.asar\node_modules\@sentry\core\src\utils-hoist\instrument\console.ts:40:14)
    at ScriptManager._handleImportException (C:\ProgramData\cocos\editors\Creator\3.8.8\resources\app.asar\builtin\scene\dist\script\3d\manager\scripts.ccc:1:5678)
    at Executor.importExceptionHandler [as _importExceptionHandler] (C:\ProgramData\cocos\editors\Creator\3.8.8\resources\app.asar\builtin\scene\dist\script\3d\manager\scripts.ccc:1:3834)
    at Executor._onModuleLoaded (C:\ProgramData\cocos\editors\Creator\3.8.8\resources\app.asar\node_modules\@editor\lib-programming\src\executor\index.ts:401:22)
    at SystemJS.onload (C:\ProgramData\cocos\editors\Creator\3.8.8\resources\app.asar\node_modules\@editor\lib-programming\src\executor\index.ts:99:18)
    at triggerOnload (C:\ProgramData\cocos\editors\Creator\3.8.8\resources\app.asar\node_modules\@editor\lib-programming\static\executor\systemjs-bridge\out\index.js:270:10)
    at C:\ProgramData\cocos\editors\Creator\3.8.8\resources\app.asar\node_modules\@editor\lib-programming\static\executor\systemjs-bridge\out\index.js:347:5
    at file:///D:/Works/Cocos/WxMiniGames/MiniGameArrow/temp/programming/packer-driver/targets/editor/chunks/6d/cce:/internal/x/prerequisite-imports:8:13
    at Object.execute (file:///D:/Works/Cocos/WxMiniGames/MiniGameArrow/temp/programming/packer-driver/targets/editor/chunks/6d/cce:/internal/x/prerequisite-imports:4:1)
    at Executor._importPrerequisiteModules (C:\ProgramData\cocos\editors\Creator\3.8.8\resources\app.asar\node_modules\@editor\lib-programming\src\executor\index.ts:358:13)
    at Executor.reload (C:\ProgramData\cocos\editors\Creator\3.8.8\resources\app.asar\node_modules\@editor\lib-programming\src\executor\index.ts:235:13)
    at C:\ProgramData\cocos\editors\Creator\3.8.8\resources\app.asar\builtin\scene\dist\script\3d\manager\scripts.ccc:1:1893
    at GlobalEnv.processQueue (C:\ProgramData\cocos\editors\Creator\3.8.8\resources\app.asar\builtin\scene\dist\script\3d\manager\scripts.ccc:1:2290)
    at GlobalEnv.record (C:\ProgramData\cocos\editors\Creator\3.8.8\resources\app.asar\builtin\scene\dist\script\3d\manager\scripts.ccc:1:2061)
    at ScriptManager.init (C:\ProgramData\cocos\editors\Creator\3.8.8\resources\app.asar\builtin\scene\dist\script\3d\manager\scripts.ccc:1:4024)
2026-6-25 20:40:50 - error: [Scene] {hidden(::SceneExecutorImportExceptionHandler::)} Error: 宿主无法解析代码块 D:\Works\Cocos\WxMiniGames\MiniGameArrow\temp\programming\packer-driver\targets\editor\chunks\7d\7dd5f1b51da4ae6cb44c6f9d41d8fc719b109223.js
这是因为
Error: Cannot find module 'D:\Works\Cocos\WxMiniGames\MiniGameArrow\temp\programming\packer-driver\targets\editor\chunks\7d\7dd5f1b51da4ae6cb44c6f9d41d8fc719b109223.js'
Require stack:
- C:\ProgramData\cocos\editors\Creator\3.8.8\resources\app.asar\node_modules\@editor\lib-programming\dist\executor\pack-mod-instantiation.js
- C:\ProgramData\cocos\editors\Creator\3.8.8\resources\app.asar\node_modules\@editor\lib-programming\dist\executor\index.js
- C:\ProgramData\cocos\editors\Creator\3.8.8\resources\app.asar\builtin\scene\dist\script\3d\manager\scripts.ccc
- C:\ProgramData\cocos\editors\Creator\3.8.8\resources\app.asar\builtin\scene\dist\script\3d\manager\startup\engine\index.ccc
- C:\ProgramData\cocos\editors\Creator\3.8.8\resources\app.asar\builtin\scene\dist\script\3d\manager\startup\index.ccc
- C:\ProgramData\cocos\editors\Creator\3.8.8\resources\app.asar\builtin\scene\dist\script\3d\preload\main.js
- C:\ProgramData\cocos\editors\Creator\3.8.8\resources\app.asar\builtin\scene\dist\script\3d\preload\web\preload.js
- electron/js2c/renderer_init
    at Object.evaluate (C:\ProgramData\cocos\editors\Creator\3.8.8\resources\app.asar\node_modules\@editor\lib-programming\src\executor\pack-mod-instantiation.ts:20:19)
    at PackModInstantiation._evalCode2 (C:\ProgramData\cocos\editors\Creator\3.8.8\resources\app.asar\node_modules\@editor\lib-programming\src\executor\pack-mod-instantiation.ts:159:31)
    at PackModInstantiation.instantiate (C:\ProgramData\cocos\editors\Creator\3.8.8\resources\app.asar\node_modules\@editor\lib-programming\src\executor\pack-mod-instantiation.ts:90:41)
    at C:\ProgramData\cocos\editors\Creator\3.8.8\resources\app.asar\node_modules\@editor\lib-programming\src\executor\index.ts:143:34
    at ExecutorSystem._instantiate (C:\ProgramData\cocos\editors\Creator\3.8.8\resources\app.asar\node_modules\@editor\lib-programming\src\editor-systemjs\index.ts:167:30)
    at file:///D:/Works/Cocos/WxMiniGames/MiniGameArrow/temp/programming/packer-driver/targets/editor/chunks/6d/cce:/internal/x/prerequisite-imports:8:13
    at Object.execute (file:///D:/Works/Cocos/WxMiniGames/MiniGameArrow/temp/programming/packer-driver/targets/editor/chunks/6d/cce:/internal/x/prerequisite-imports:4:1)
    at Executor._importPrerequisiteModules (C:\ProgramData\cocos\editors\Creator\3.8.8\resources\app.asar\node_modules\@editor\lib-programming\src\executor\index.ts:358:13)
    at Executor.reload (C:\ProgramData\cocos\editors\Creator\3.8.8\resources\app.asar\node_modules\@editor\lib-programming\src\executor\index.ts:235:13)
    at C:\ProgramData\cocos\editors\Creator\3.8.8\resources\app.asar\builtin\scene\dist\script\3d\manager\scripts.ccc:1:1893
    at GlobalEnv.processQueue (C:\ProgramData\cocos\editors\Creator\3.8.8\resources\app.asar\builtin\scene\dist\script\3d\manager\scripts.ccc:1:2290)
    at GlobalEnv.record (C:\ProgramData\cocos\editors\Creator\3.8.8\resources\app.asar\builtin\scene\dist\script\3d\manager\scripts.ccc:1:2061)
    at ScriptManager.init (C:\ProgramData\cocos\editors\Creator\3.8.8\resources\app.asar\builtin\scene\dist\script\3d\manager\scripts.ccc:1:4024)Error: [Scene] {hidden(::SceneExecutorImportExceptionHandler::)} Error: 宿主无法解析代码块 D:\Works\Cocos\WxMiniGames\MiniGameArrow\temp\programming\packer-driver\targets\editor\chunks\7d\7dd5f1b51da4ae6cb44c6f9d41d8fc719b109223.js
这是因为
Error: Cannot find module 'D:\Works\Cocos\WxMiniGames\MiniGameArrow\temp\programming\packer-driver\targets\editor\chunks\7d\7dd5f1b51da4ae6cb44c6f9d41d8fc719b109223.js'
Require stack:
- C:\ProgramData\cocos\editors\Creator\3.8.8\resources\app.asar\node_modules\@editor\lib-programming\dist\executor\pack-mod-instantiation.js
- C:\ProgramData\cocos\editors\Creator\3.8.8\resources\app.asar\node_modules\@editor\lib-programming\dist\executor\index.js
- C:\ProgramData\cocos\editors\Creator\3.8.8\resources\app.asar\builtin\scene\dist\script\3d\manager\scripts.ccc
- C:\ProgramData\cocos\editors\Creator\3.8.8\resources\app.asar\builtin\scene\dist\script\3d\manager\startup\engine\index.ccc
- C:\ProgramData\cocos\editors\Creator\3.8.8\resources\app.asar\builtin\scene\dist\script\3d\manager\startup\index.ccc
- C:\ProgramData\cocos\editors\Creator\3.8.8\resources\app.asar\builtin\scene\dist\script\3d\preload\main.js
- C:\ProgramData\cocos\editors\Creator\3.8.8\resources\app.asar\builtin\scene\dist\script\3d\preload\web\preload.js
- electron/js2c/renderer_init
    at C:\ProgramData\cocos\editors\Creator\3.8.8\resources\app.asar\node_modules\@editor\lib-programming\src\executor\index.ts:143:34
    at ExecutorSystem._instantiate (C:\ProgramData\cocos\editors\Creator\3.8.8\resources\app.asar\node_modules\@editor\lib-programming\src\editor-systemjs\index.ts:167:30)
    at file:///D:/Works/Cocos/WxMiniGames/MiniGameArrow/temp/programming/packer-driver/targets/editor/chunks/6d/cce:/internal/x/prerequisite-imports:8:13
    at Object.execute (file:///D:/Works/Cocos/WxMiniGames/MiniGameArrow/temp/programming/packer-driver/targets/editor/chunks/6d/cce:/internal/x/prerequisite-imports:4:1)
    at Executor._importPrerequisiteModules (C:\ProgramData\cocos\editors\Creator\3.8.8\resources\app.asar\node_modules\@editor\lib-programming\src\executor\index.ts:358:13)
    at Executor.reload (C:\ProgramData\cocos\editors\Creator\3.8.8\resources\app.asar\node_modules\@editor\lib-programming\src\executor\index.ts:235:13)
    at C:\ProgramData\cocos\editors\Creator\3.8.8\resources\app.asar\builtin\scene\dist\script\3d\manager\scripts.ccc:1:1893
    at GlobalEnv.processQueue (C:\ProgramData\cocos\editors\Creator\3.8.8\resources\app.asar\builtin\scene\dist\script\3d\manager\scripts.ccc:1:2290)
    at GlobalEnv.record (C:\ProgramData\cocos\editors\Creator\3.8.8\resources\app.asar\builtin\scene\dist\script\3d\manager\scripts.ccc:1:2061)
    at ScriptManager.init (C:\ProgramData\cocos\editors\Creator\3.8.8\resources\app.asar\builtin\scene\dist\script\3d\manager\scripts.ccc:1:4024)
    at Logger._logHandler (C:\ProgramData\cocos\editors\Creator\3.8.8\resources\app.asar\builtin\scene\dist\script\3d\manager\startup\log.ccc:1:487)
    at Logger.record (C:\ProgramData\cocos\editors\Creator\3.8.8\resources\app.asar\node_modules\@base\electron-logger\lib\renderer.ccc:1:458)
    at console.<anonymous> (C:\ProgramData\cocos\editors\Creator\3.8.8\resources\app.asar\node_modules\@base\electron-logger\lib\renderer.ccc:1:1414)
    at console.error (C:\ProgramData\cocos\editors\Creator\3.8.8\resources\app.asar\node_modules\@sentry\core\src\utils-hoist\instrument\console.ts:40:14)
    at ScriptManager._handleImportException (C:\ProgramData\cocos\editors\Creator\3.8.8\resources\app.asar\builtin\scene\dist\script\3d\manager\scripts.ccc:1:5678)
    at Executor.importExceptionHandler [as _importExceptionHandler] (C:\ProgramData\cocos\editors\Creator\3.8.8\resources\app.asar\builtin\scene\dist\script\3d\manager\scripts.ccc:1:3834)
    at Executor._onModuleLoaded (C:\ProgramData\cocos\editors\Creator\3.8.8\resources\app.asar\node_modules\@editor\lib-programming\src\executor\index.ts:401:22)
    at SystemJS.onload (C:\ProgramData\cocos\editors\Creator\3.8.8\resources\app.asar\node_modules\@editor\lib-programming\src\executor\index.ts:99:18)
    at triggerOnload (C:\ProgramData\cocos\editors\Creator\3.8.8\resources\app.asar\node_modules\@editor\lib-programming\static\executor\systemjs-bridge\out\index.js:270:10)
    at C:\ProgramData\cocos\editors\Creator\3.8.8\resources\app.asar\node_modules\@editor\lib-programming\static\executor\systemjs-bridge\out\index.js:347:5
    at file:///D:/Works/Cocos/WxMiniGames/MiniGameArrow/temp/programming/packer-driver/targets/editor/chunks/6d/cce:/internal/x/prerequisite-imports:8:13
    at Object.execute (file:///D:/Works/Cocos/WxMiniGames/MiniGameArrow/temp/programming/packer-driver/targets/editor/chunks/6d/cce:/internal/x/prerequisite-imports:4:1)
    at Executor._importPrerequisiteModules (C:\ProgramData\cocos\editors\Creator\3.8.8\resources\app.asar\node_modules\@editor\lib-programming\src\executor\index.ts:358:13)
    at Executor.reload (C:\ProgramData\cocos\editors\Creator\3.8.8\resources\app.asar\node_modules\@editor\lib-programming\src\executor\index.ts:235:13)
    at C:\ProgramData\cocos\editors\Creator\3.8.8\resources\app.asar\builtin\scene\dist\script\3d\manager\scripts.ccc:1:1893
    at GlobalEnv.processQueue (C:\ProgramData\cocos\editors\Creator\3.8.8\resources\app.asar\builtin\scene\dist\script\3d\manager\scripts.ccc:1:2290)
    at GlobalEnv.record (C:\ProgramData\cocos\editors\Creator\3.8.8\resources\app.asar\builtin\scene\dist\script\3d\manager\scripts.ccc:1:2061)
    at ScriptManager.init (C:\ProgramData\cocos\editors\Creator\3.8.8\resources\app.asar\builtin\scene\dist\script\3d\manager\scripts.ccc:1:4024)
2026-6-25 20:40:50 - error: [Scene] {hidden(::SceneExecutorImportExceptionHandler::)} Error: 宿主无法解析代码块 D:\Works\Cocos\WxMiniGames\MiniGameArrow\temp\programming\packer-driver\targets\editor\chunks\fd\fd74c742a972dbbcd3691d204a338b19a4515b62.js
这是因为
Error: Cannot find module 'D:\Works\Cocos\WxMiniGames\MiniGameArrow\temp\programming\packer-driver\targets\editor\chunks\fd\fd74c742a972dbbcd3691d204a338b19a4515b62.js'
Require stack:
- C:\ProgramData\cocos\editors\Creator\3.8.8\resources\app.asar\node_modules\@editor\lib-programming\dist\executor\pack-mod-instantiation.js
- C:\ProgramData\cocos\editors\Creator\3.8.8\resources\app.asar\node_modules\@editor\lib-programming\dist\executor\index.js
- C:\ProgramData\cocos\editors\Creator\3.8.8\resources\app.asar\builtin\scene\dist\script\3d\manager\scripts.ccc
- C:\ProgramData\cocos\editors\Creator\3.8.8\resources\app.asar\builtin\scene\dist\script\3d\manager\startup\engine\index.ccc
- C:\ProgramData\cocos\editors\Creator\3.8.8\resources\app.asar\builtin\scene\dist\script\3d\manager\startup\index.ccc
- C:\ProgramData\cocos\editors\Creator\3.8.8\resources\app.asar\builtin\scene\dist\script\3d\preload\main.js
- C:\ProgramData\cocos\editors\Creator\3.8.8\resources\app.asar\builtin\scene\dist\script\3d\preload\web\preload.js
- electron/js2c/renderer_init
    at Object.evaluate (C:\ProgramData\cocos\editors\Creator\3.8.8\resources\app.asar\node_modules\@editor\lib-programming\src\executor\pack-mod-instantiation.ts:20:19)
    at PackModInstantiation._evalCode2 (C:\ProgramData\cocos\editors\Creator\3.8.8\resources\app.asar\node_modules\@editor\lib-programming\src\executor\pack-mod-instantiation.ts:159:31)
    at PackModInstantiation.instantiate (C:\ProgramData\cocos\editors\Creator\3.8.8\resources\app.asar\node_modules\@editor\lib-programming\src\executor\pack-mod-instantiation.ts:90:41)
    at C:\ProgramData\cocos\editors\Creator\3.8.8\resources\app.asar\node_modules\@editor\lib-programming\src\executor\index.ts:143:34
    at ExecutorSystem._instantiate (C:\ProgramData\cocos\editors\Creator\3.8.8\resources\app.asar\node_modules\@editor\lib-programming\src\editor-systemjs\index.ts:167:30)
    at file:///D:/Works/Cocos/WxMiniGames/MiniGameArrow/temp/programming/packer-driver/targets/editor/chunks/6d/cce:/internal/x/prerequisite-imports:8:13
    at Object.execute (file:///D:/Works/Cocos/WxMiniGames/MiniGameArrow/temp/programming/packer-driver/targets/editor/chunks/6d/cce:/internal/x/prerequisite-imports:4:1)
    at Executor._importPrerequisiteModules (C:\ProgramData\cocos\editors\Creator\3.8.8\resources\app.asar\node_modules\@editor\lib-programming\src\executor\index.ts:358:13)
    at Executor.reload (C:\ProgramData\cocos\editors\Creator\3.8.8\resources\app.asar\node_modules\@editor\lib-programming\src\executor\index.ts:235:13)
    at C:\ProgramData\cocos\editors\Creator\3.8.8\resources\app.asar\builtin\scene\dist\script\3d\manager\scripts.ccc:1:1893
    at GlobalEnv.processQueue (C:\ProgramData\cocos\editors\Creator\3.8.8\resources\app.asar\builtin\scene\dist\script\3d\manager\scripts.ccc:1:2290)
    at GlobalEnv.record (C:\ProgramData\cocos\editors\Creator\3.8.8\resources\app.asar\builtin\scene\dist\script\3d\manager\scripts.ccc:1:2061)
    at ScriptManager.init (C:\ProgramData\cocos\editors\Creator\3.8.8\resources\app.asar\builtin\scene\dist\script\3d\manager\scripts.ccc:1:4024)Error: [Scene] {hidden(::SceneExecutorImportExceptionHandler::)} Error: 宿主无法解析代码块 D:\Works\Cocos\WxMiniGames\MiniGameArrow\temp\programming\packer-driver\targets\editor\chunks\fd\fd74c742a972dbbcd3691d204a338b19a4515b62.js
这是因为
Error: Cannot find module 'D:\Works\Cocos\WxMiniGames\MiniGameArrow\temp\programming\packer-driver\targets\editor\chunks\fd\fd74c742a972dbbcd3691d204a338b19a4515b62.js'
Require stack:
- C:\ProgramData\cocos\editors\Creator\3.8.8\resources\app.asar\node_modules\@editor\lib-programming\dist\executor\pack-mod-instantiation.js
- C:\ProgramData\cocos\editors\Creator\3.8.8\resources\app.asar\node_modules\@editor\lib-programming\dist\executor\index.js
- C:\ProgramData\cocos\editors\Creator\3.8.8\resources\app.asar\builtin\scene\dist\script\3d\manager\scripts.ccc
- C:\ProgramData\cocos\editors\Creator\3.8.8\resources\app.asar\builtin\scene\dist\script\3d\manager\startup\engine\index.ccc
- C:\ProgramData\cocos\editors\Creator\3.8.8\resources\app.asar\builtin\scene\dist\script\3d\manager\startup\index.ccc
- C:\ProgramData\cocos\editors\Creator\3.8.8\resources\app.asar\builtin\scene\dist\script\3d\preload\main.js
- C:\ProgramData\cocos\editors\Creator\3.8.8\resources\app.asar\builtin\scene\dist\script\3d\preload\web\preload.js
- electron/js2c/renderer_init
    at C:\ProgramData\cocos\editors\Creator\3.8.8\resources\app.asar\node_modules\@editor\lib-programming\src\executor\index.ts:143:34
    at ExecutorSystem._instantiate (C:\ProgramData\cocos\editors\Creator\3.8.8\resources\app.asar\node_modules\@editor\lib-programming\src\editor-systemjs\index.ts:167:30)
    at file:///D:/Works/Cocos/WxMiniGames/MiniGameArrow/temp/programming/packer-driver/targets/editor/chunks/6d/cce:/internal/x/prerequisite-imports:8:13
    at Object.execute (file:///D:/Works/Cocos/WxMiniGames/MiniGameArrow/temp/programming/packer-driver/targets/editor/chunks/6d/cce:/internal/x/prerequisite-imports:4:1)
    at Executor._importPrerequisiteModules (C:\ProgramData\cocos\editors\Creator\3.8.8\resources\app.asar\node_modules\@editor\lib-programming\src\executor\index.ts:358:13)
    at Executor.reload (C:\ProgramData\cocos\editors\Creator\3.8.8\resources\app.asar\node_modules\@editor\lib-programming\src\executor\index.ts:235:13)
    at C:\ProgramData\cocos\editors\Creator\3.8.8\resources\app.asar\builtin\scene\dist\script\3d\manager\scripts.ccc:1:1893
    at GlobalEnv.processQueue (C:\ProgramData\cocos\editors\Creator\3.8.8\resources\app.asar\builtin\scene\dist\script\3d\manager\scripts.ccc:1:2290)
    at GlobalEnv.record (C:\ProgramData\cocos\editors\Creator\3.8.8\resources\app.asar\builtin\scene\dist\script\3d\manager\scripts.ccc:1:2061)
    at ScriptManager.init (C:\ProgramData\cocos\editors\Creator\3.8.8\resources\app.asar\builtin\scene\dist\script\3d\manager\scripts.ccc:1:4024)
    at Logger._logHandler (C:\ProgramData\cocos\editors\Creator\3.8.8\resources\app.asar\builtin\scene\dist\script\3d\manager\startup\log.ccc:1:487)
    at Logger.record (C:\ProgramData\cocos\editors\Creator\3.8.8\resources\app.asar\node_modules\@base\electron-logger\lib\renderer.ccc:1:458)
    at console.<anonymous> (C:\ProgramData\cocos\editors\Creator\3.8.8\resources\app.asar\node_modules\@base\electron-logger\lib\renderer.ccc:1:1414)
    at console.error (C:\ProgramData\cocos\editors\Creator\3.8.8\resources\app.asar\node_modules\@sentry\core\src\utils-hoist\instrument\console.ts:40:14)
    at ScriptManager._handleImportException (C:\ProgramData\cocos\editors\Creator\3.8.8\resources\app.asar\builtin\scene\dist\script\3d\manager\scripts.ccc:1:5678)
    at Executor.importExceptionHandler [as _importExceptionHandler] (C:\ProgramData\cocos\editors\Creator\3.8.8\resources\app.asar\builtin\scene\dist\script\3d\manager\scripts.ccc:1:3834)
    at Executor._onModuleLoaded (C:\ProgramData\cocos\editors\Creator\3.8.8\resources\app.asar\node_modules\@editor\lib-programming\src\executor\index.ts:401:22)
    at SystemJS.onload (C:\ProgramData\cocos\editors\Creator\3.8.8\resources\app.asar\node_modules\@editor\lib-programming\src\executor\index.ts:99:18)
    at triggerOnload (C:\ProgramData\cocos\editors\Creator\3.8.8\resources\app.asar\node_modules\@editor\lib-programming\static\executor\systemjs-bridge\out\index.js:270:10)
    at C:\ProgramData\cocos\editors\Creator\3.8.8\resources\app.asar\node_modules\@editor\lib-programming\static\executor\systemjs-bridge\out\index.js:347:5
    at file:///D:/Works/Cocos/WxMiniGames/MiniGameArrow/temp/programming/packer-driver/targets/editor/chunks/6d/cce:/internal/x/prerequisite-imports:8:13
    at Object.execute (file:///D:/Works/Cocos/WxMiniGames/MiniGameArrow/temp/programming/packer-driver/targets/editor/chunks/6d/cce:/internal/x/prerequisite-imports:4:1)
    at Executor._importPrerequisiteModules (C:\ProgramData\cocos\editors\Creator\3.8.8\resources\app.asar\node_modules\@editor\lib-programming\src\executor\index.ts:358:13)
    at Executor.reload (C:\ProgramData\cocos\editors\Creator\3.8.8\resources\app.asar\node_modules\@editor\lib-programming\src\executor\index.ts:235:13)
    at C:\ProgramData\cocos\editors\Creator\3.8.8\resources\app.asar\builtin\scene\dist\script\3d\manager\scripts.ccc:1:1893
    at GlobalEnv.processQueue (C:\ProgramData\cocos\editors\Creator\3.8.8\resources\app.asar\builtin\scene\dist\script\3d\manager\scripts.ccc:1:2290)
    at GlobalEnv.record (C:\ProgramData\cocos\editors\Creator\3.8.8\resources\app.asar\builtin\scene\dist\script\3d\manager\scripts.ccc:1:2061)
    at ScriptManager.init (C:\ProgramData\cocos\editors\Creator\3.8.8\resources\app.asar\builtin\scene\dist\script\3d\manager\scripts.ccc:1:4024)
2026-6-25 20:40:50 - error: [Scene] {hidden(::SceneExecutorImportExceptionHandler::)} Error: 宿主无法解析代码块 D:\Works\Cocos\WxMiniGames\MiniGameArrow\temp\programming\packer-driver\targets\editor\chunks\62\621a159ce4a7bac550092546e00c97e12458f12b.js
这是因为
Error: Cannot find module 'D:\Works\Cocos\WxMiniGames\MiniGameArrow\temp\programming\packer-driver\targets\editor\chunks\62\621a159ce4a7bac550092546e00c97e12458f12b.js'
Require stack:
- C:\ProgramData\cocos\editors\Creator\3.8.8\resources\app.asar\node_modules\@editor\lib-programming\dist\executor\pack-mod-instantiation.js
- C:\ProgramData\cocos\editors\Creator\3.8.8\resources\app.asar\node_modules\@editor\lib-programming\dist\executor\index.js
- C:\ProgramData\cocos\editors\Creator\3.8.8\resources\app.asar\builtin\scene\dist\script\3d\manager\scripts.ccc
- C:\ProgramData\cocos\editors\Creator\3.8.8\resources\app.asar\builtin\scene\dist\script\3d\manager\startup\engine\index.ccc
- C:\ProgramData\cocos\editors\Creator\3.8.8\resources\app.asar\builtin\scene\dist\script\3d\manager\startup\index.ccc
- C:\ProgramData\cocos\editors\Creator\3.8.8\resources\app.asar\builtin\scene\dist\script\3d\preload\main.js
- C:\ProgramData\cocos\editors\Creator\3.8.8\resources\app.asar\builtin\scene\dist\script\3d\preload\web\preload.js
- electron/js2c/renderer_init
    at Object.evaluate (C:\ProgramData\cocos\editors\Creator\3.8.8\resources\app.asar\node_modules\@editor\lib-programming\src\executor\pack-mod-instantiation.ts:20:19)
    at PackModInstantiation._evalCode2 (C:\ProgramData\cocos\editors\Creator\3.8.8\resources\app.asar\node_modules\@editor\lib-programming\src\executor\pack-mod-instantiation.ts:159:31)
    at PackModInstantiation.instantiate (C:\ProgramData\cocos\editors\Creator\3.8.8\resources\app.asar\node_modules\@editor\lib-programming\src\executor\pack-mod-instantiation.ts:90:41)
    at C:\ProgramData\cocos\editors\Creator\3.8.8\resources\app.asar\node_modules\@editor\lib-programming\src\executor\index.ts:143:34
    at ExecutorSystem._instantiate (C:\ProgramData\cocos\editors\Creator\3.8.8\resources\app.asar\node_modules\@editor\lib-programming\src\editor-systemjs\index.ts:167:30)
    at file:///D:/Works/Cocos/WxMiniGames/MiniGameArrow/temp/programming/packer-driver/targets/editor/chunks/6d/cce:/internal/x/prerequisite-imports:8:13
    at Object.execute (file:///D:/Works/Cocos/WxMiniGames/MiniGameArrow/temp/programming/packer-driver/targets/editor/chunks/6d/cce:/internal/x/prerequisite-imports:4:1)
    at Executor._importPrerequisiteModules (C:\ProgramData\cocos\editors\Creator\3.8.8\resources\app.asar\node_modules\@editor\lib-programming\src\executor\index.ts:358:13)
    at Executor.reload (C:\ProgramData\cocos\editors\Creator\3.8.8\resources\app.asar\node_modules\@editor\lib-programming\src\executor\index.ts:235:13)
    at C:\ProgramData\cocos\editors\Creator\3.8.8\resources\app.asar\builtin\scene\dist\script\3d\manager\scripts.ccc:1:1893
    at GlobalEnv.processQueue (C:\ProgramData\cocos\editors\Creator\3.8.8\resources\app.asar\builtin\scene\dist\script\3d\manager\scripts.ccc:1:2290)
    at GlobalEnv.record (C:\ProgramData\cocos\editors\Creator\3.8.8\resources\app.asar\builtin\scene\dist\script\3d\manager\scripts.ccc:1:2061)
    at ScriptManager.init (C:\ProgramData\cocos\editors\Creator\3.8.8\resources\app.asar\builtin\scene\dist\script\3d\manager\scripts.ccc:1:4024)Error: [Scene] {hidden(::SceneExecutorImportExceptionHandler::)} Error: 宿主无法解析代码块 D:\Works\Cocos\WxMiniGames\MiniGameArrow\temp\programming\packer-driver\targets\editor\chunks\62\621a159ce4a7bac550092546e00c97e12458f12b.js
这是因为
Error: Cannot find module 'D:\Works\Cocos\WxMiniGames\MiniGameArrow\temp\programming\packer-driver\targets\editor\chunks\62\621a159ce4a7bac550092546e00c97e12458f12b.js'
Require stack:
- C:\ProgramData\cocos\editors\Creator\3.8.8\resources\app.asar\node_modules\@editor\lib-programming\dist\executor\pack-mod-instantiation.js
- C:\ProgramData\cocos\editors\Creator\3.8.8\resources\app.asar\node_modules\@editor\lib-programming\dist\executor\index.js
- C:\ProgramData\cocos\editors\Creator\3.8.8\resources\app.asar\builtin\scene\dist\script\3d\manager\scripts.ccc
- C:\ProgramData\cocos\editors\Creator\3.8.8\resources\app.asar\builtin\scene\dist\script\3d\manager\startup\engine\index.ccc
- C:\ProgramData\cocos\editors\Creator\3.8.8\resources\app.asar\builtin\scene\dist\script\3d\manager\startup\index.ccc
- C:\ProgramData\cocos\editors\Creator\3.8.8\resources\app.asar\builtin\scene\dist\script\3d\preload\main.js
- C:\ProgramData\cocos\editors\Creator\3.8.8\resources\app.asar\builtin\scene\dist\script\3d\preload\web\preload.js
- electron/js2c/renderer_init
    at C:\ProgramData\cocos\editors\Creator\3.8.8\resources\app.asar\node_modules\@editor\lib-programming\src\executor\index.ts:143:34
    at ExecutorSystem._instantiate (C:\ProgramData\cocos\editors\Creator\3.8.8\resources\app.asar\node_modules\@editor\lib-programming\src\editor-systemjs\index.ts:167:30)
    at file:///D:/Works/Cocos/WxMiniGames/MiniGameArrow/temp/programming/packer-driver/targets/editor/chunks/6d/cce:/internal/x/prerequisite-imports:8:13
    at Object.execute (file:///D:/Works/Cocos/WxMiniGames/MiniGameArrow/temp/programming/packer-driver/targets/editor/chunks/6d/cce:/internal/x/prerequisite-imports:4:1)
    at Executor._importPrerequisiteModules (C:\ProgramData\cocos\editors\Creator\3.8.8\resources\app.asar\node_modules\@editor\lib-programming\src\executor\index.ts:358:13)
    at Executor.reload (C:\ProgramData\cocos\editors\Creator\3.8.8\resources\app.asar\node_modules\@editor\lib-programming\src\executor\index.ts:235:13)
    at C:\ProgramData\cocos\editors\Creator\3.8.8\resources\app.asar\builtin\scene\dist\script\3d\manager\scripts.ccc:1:1893
    at GlobalEnv.processQueue (C:\ProgramData\cocos\editors\Creator\3.8.8\resources\app.asar\builtin\scene\dist\script\3d\manager\scripts.ccc:1:2290)
    at GlobalEnv.record (C:\ProgramData\cocos\editors\Creator\3.8.8\resources\app.asar\builtin\scene\dist\script\3d\manager\scripts.ccc:1:2061)
    at ScriptManager.init (C:\ProgramData\cocos\editors\Creator\3.8.8\resources\app.asar\builtin\scene\dist\script\3d\manager\scripts.ccc:1:4024)
    at Logger._logHandler (C:\ProgramData\cocos\editors\Creator\3.8.8\resources\app.asar\builtin\scene\dist\script\3d\manager\startup\log.ccc:1:487)
    at Logger.record (C:\ProgramData\cocos\editors\Creator\3.8.8\resources\app.asar\node_modules\@base\electron-logger\lib\renderer.ccc:1:458)
    at console.<anonymous> (C:\ProgramData\cocos\editors\Creator\3.8.8\resources\app.asar\node_modules\@base\electron-logger\lib\renderer.ccc:1:1414)
    at console.error (C:\ProgramData\cocos\editors\Creator\3.8.8\resources\app.asar\node_modules\@sentry\core\src\utils-hoist\instrument\console.ts:40:14)
    at ScriptManager._handleImportException (C:\ProgramData\cocos\editors\Creator\3.8.8\resources\app.asar\builtin\scene\dist\script\3d\manager\scripts.ccc:1:5678)
    at Executor.importExceptionHandler [as _importExceptionHandler] (C:\ProgramData\cocos\editors\Creator\3.8.8\resources\app.asar\builtin\scene\dist\script\3d\manager\scripts.ccc:1:3834)
    at Executor._onModuleLoaded (C:\ProgramData\cocos\editors\Creator\3.8.8\resources\app.asar\node_modules\@editor\lib-programming\src\executor\index.ts:401:22)
    at SystemJS.onload (C:\ProgramData\cocos\editors\Creator\3.8.8\resources\app.asar\node_modules\@editor\lib-programming\src\executor\index.ts:99:18)
    at triggerOnload (C:\ProgramData\cocos\editors\Creator\3.8.8\resources\app.asar\node_modules\@editor\lib-programming\static\executor\systemjs-bridge\out\index.js:270:10)
    at C:\ProgramData\cocos\editors\Creator\3.8.8\resources\app.asar\node_modules\@editor\lib-programming\static\executor\systemjs-bridge\out\index.js:347:5
    at file:///D:/Works/Cocos/WxMiniGames/MiniGameArrow/temp/programming/packer-driver/targets/editor/chunks/6d/cce:/internal/x/prerequisite-imports:8:13
    at Object.execute (file:///D:/Works/Cocos/WxMiniGames/MiniGameArrow/temp/programming/packer-driver/targets/editor/chunks/6d/cce:/internal/x/prerequisite-imports:4:1)
    at Executor._importPrerequisiteModules (C:\ProgramData\cocos\editors\Creator\3.8.8\resources\app.asar\node_modules\@editor\lib-programming\src\executor\index.ts:358:13)
    at Executor.reload (C:\ProgramData\cocos\editors\Creator\3.8.8\resources\app.asar\node_modules\@editor\lib-programming\src\executor\index.ts:235:13)
    at C:\ProgramData\cocos\editors\Creator\3.8.8\resources\app.asar\builtin\scene\dist\script\3d\manager\scripts.ccc:1:1893
    at GlobalEnv.processQueue (C:\ProgramData\cocos\editors\Creator\3.8.8\resources\app.asar\builtin\scene\dist\script\3d\manager\scripts.ccc:1:2290)
    at GlobalEnv.record (C:\ProgramData\cocos\editors\Creator\3.8.8\resources\app.asar\builtin\scene\dist\script\3d\manager\scripts.ccc:1:2061)
    at ScriptManager.init (C:\ProgramData\cocos\editors\Creator\3.8.8\resources\app.asar\builtin\scene\dist\script\3d\manager\scripts.ccc:1:4024)
2026-6-25 20:40:50 - log: [Scene] Using custom pipeline: Builtin
2026-6-26 09:42:19 - log: [Window] [sheep-level-editor] 生成结果： {
  "level": 1,
  "rowCount": 19,
  "colCount": 12,
  "sheep": [
    {
      "row": 9,
      "col": 6,
      "direction": "Down",
      "type": "black"
    },
    {
      "row": 10,
      "col": 4,
      "direction": "Right",
      "type": "black"
    },
    {
      "row": 9,
      "col": 4,
      "direction": "Right",
      "type": "normal"
    },
    {
      "row": 12,
      "col": 5,
      "direction": "Up",
      "type": "black"
    },
    {
      "row": 12,
      "col": 7,
      "direction": "Left",
      "type": "black"
    },
    {
      "row": 10,
      "col": 1,
      "direction": "Right",
      "type": "normal"
    },
    {
      "row": 9,
      "col": 2,
      "direction": "Right",
      "type": "normal"
    },
    {
      "row": 13,
      "col": 4,
      "direction": "Up",
      "type": "normal"
    },
    {
      "row": 13,
      "col": 1,
      "direction": "Right",
      "type": "normal"
    },
    {
      "row": 7,
      "col": 8,
      "direction": "Down",
      "type": "normal"
    },
    {
      "row": 15,
      "col": 7,
      "direction": "Up",
      "type": "normal"
    },
    {
      "row": 8,
      "col": 1,
      "direction": "Down",
      "type": "normal"
    }
  ],
  "fences": [
    {
      "row": 11,
      "col": 0,
      "rowSpan": 4,
      "colSpan": 4,
      "eliminateCount": 3
    },
    {
      "row": 6,
      "col": 7,
      "rowSpan": 3,
      "colSpan": 3,
      "eliminateCount": 3
    }
  ]
}
2026-6-26 09:42:19 - log: [Window] [sheep-level-editor] 生成结果： {
  "level": 1,
  "rowCount": 19,
  "colCount": 12,
  "sheep": [
    {
      "row": 8,
      "col": 5,
      "direction": "Right",
      "type": "normal"
    },
    {
      "row": 8,
      "col": 3,
      "direction": "Right",
      "type": "normal"
    },
    {
      "row": 8,
      "col": 0,
      "direction": "Right",
      "type": "black"
    },
    {
      "row": 6,
      "col": 4,
      "direction": "Down",
      "type": "black"
    },
    {
      "row": 9,
      "col": 5,
      "direction": "Up",
      "type": "black"
    },
    {
      "row": 5,
      "col": 6,
      "direction": "Down",
      "type": "normal"
    },
    {
      "row": 9,
      "col": 3,
      "direction": "Up",
      "type": "black"
    },
    {
      "row": 3,
      "col": 4,
      "direction": "Down",
      "type": "normal"
    },
    {
      "row": 9,
      "col": 1,
      "direction": "Right",
      "type": "normal"
    },
    {
      "row": 10,
      "col": 1,
      "direction": "Right",
      "type": "normal"
    },
    {
      "row": 7,
      "col": 9,
      "direction": "Left",
      "type": "normal"
    },
    {
      "row": 6,
      "col": 0,
      "direction": "Right",
      "type": "normal"
    }
  ],
  "fences": [
    {
      "row": 4,
      "col": 5,
      "rowSpan": 4,
      "colSpan": 3,
      "eliminateCount": 3
    },
    {
      "row": 3,
      "col": 1,
      "rowSpan": 2,
      "colSpan": 4,
      "eliminateCount": 3
    }
  ]
}
2026-6-26 09:43:14 - log: [Window] [sheep-level-editor] 生成结果： {
  "level": 1,
  "rowCount": 19,
  "colCount": 12,
  "sheep": [
    {
      "row": 9,
      "col": 4,
      "direction": "Left",
      "type": "black"
    },
    {
      "row": 9,
      "col": 6,
      "direction": "Left",
      "type": "normal"
    },
    {
      "row": 9,
      "col": 9,
      "direction": "Left",
      "type": "normal"
    },
    {
      "row": 10,
      "col": 4,
      "direction": "Up",
      "type": "black"
    },
    {
      "row": 10,
      "col": 7,
      "direction": "Left",
      "type": "black"
    },
    {
      "row": 7,
      "col": 5,
      "direction": "Down",
      "type": "black"
    },
    {
      "row": 8,
      "col": 6,
      "direction": "Left",
      "type": "normal"
    },
    {
      "row": 7,
      "col": 1,
      "direction": "Right",
      "type": "normal"
    },
    {
      "row": 12,
      "col": 6,
      "direction": "Up",
      "type": "normal"
    },
    {
      "row": 5,
      "col": 5,
      "direction": "Down",
      "type": "normal"
    },
    {
      "row": 12,
      "col": 3,
      "direction": "Right",
      "type": "normal"
    },
    {
      "row": 6,
      "col": 2,
      "direction": "Right",
      "type": "normal"
    }
  ],
  "fences": [
    {
      "row": 4,
      "col": 1,
      "rowSpan": 4,
      "colSpan": 4,
      "eliminateCount": 5
    },
    {
      "row": 6,
      "col": 6,
      "rowSpan": 3,
      "colSpan": 4,
      "eliminateCount": 5
    },
    {
      "row": 12,
      "col": 6,
      "rowSpan": 4,
      "colSpan": 3,
      "eliminateCount": 5
    }
  ]
}
2026-6-26 09:43:14 - log: [Window] [sheep-level-editor] 生成结果： {
  "level": 1,
  "rowCount": 19,
  "colCount": 12,
  "sheep": [
    {
      "row": 9,
      "col": 6,
      "direction": "Down",
      "type": "black"
    },
    {
      "row": 6,
      "col": 6,
      "direction": "Down",
      "type": "normal"
    },
    {
      "row": 9,
      "col": 8,
      "direction": "Left",
      "type": "normal"
    },
    {
      "row": 9,
      "col": 10,
      "direction": "Left",
      "type": "black"
    },
    {
      "row": 7,
      "col": 8,
      "direction": "Down",
      "type": "normal"
    },
    {
      "row": 7,
      "col": 4,
      "direction": "Right",
      "type": "black"
    },
    {
      "row": 10,
      "col": 5,
      "direction": "Up",
      "type": "black"
    },
    {
      "row": 13,
      "col": 5,
      "direction": "Up",
      "type": "normal"
    },
    {
      "row": 8,
      "col": 9,
      "direction": "Left",
      "type": "normal"
    },
    {
      "row": 11,
      "col": 2,
      "direction": "Right",
      "type": "normal"
    },
    {
      "row": 10,
      "col": 1,
      "direction": "Right",
      "type": "normal"
    },
    {
      "row": 6,
      "col": 8,
      "direction": "Left",
      "type": "normal"
    }
  ],
  "fences": [
    {
      "row": 7,
      "col": 2,
      "rowSpan": 2,
      "colSpan": 4,
      "eliminateCount": 5
    },
    {
      "row": 3,
      "col": 7,
      "rowSpan": 4,
      "colSpan": 3,
      "eliminateCount": 5
    },
    {
      "row": 11,
      "col": 0,
      "rowSpan": 2,
      "colSpan": 4,
      "eliminateCount": 5
    }
  ]
}
