12:01:02.644 debug: 2025/9/23 12:01:02
12:01:02.645 debug: Project: D:\Works\Cocos\WxMiniGames\FlowersArrangement
12:01:02.645 debug: Targets: editor,preview
12:01:02.648 debug: Incremental file seems great.
12:01:02.649 debug: Engine path: C:\ProgramData\cocos\editors\Creator\3.8.7\resources\resources\3d\engine
12:01:02.663 debug: Initializing target [Editor]
12:01:02.664 debug: Loading cache
12:01:02.665 debug: Loading cache costs 1.2435000000004948ms.
12:01:02.665 debug: Engine features shipped in editor: base,gfx-webgl,gfx-webgl2,gfx-empty,gfx-webgpu,3d,animation,skeletal-animation,2d,rich-text,mask,graphics,ui-skew,ui,affine-transform,sorting-2d,particle,particle-2d,physics-framework,physics-cannon,physics-physx,physics-ammo,physics-builtin,physics-2d-framework,physics-2d-box2d-jsb,physics-2d-box2d,physics-2d-builtin,physics-2d-box2d-wasm,intersection-2d,primitive,profiler,occlusion-query,geometry-renderer,debug-renderer,audio,video,xr,light-probe,terrain,webview,tween,tiled-map,vendor-google,spine-3.8,spine-4.2,dragon-bones,marionette,procedural-animation,custom-pipeline,custom-pipeline-builtin-scripts,custom-pipeline-post-process,legacy-pipeline,websocket,websocket-server,meshopt
12:01:02.666 debug: Our import map(foo:/bar): {
  "imports": {
    "cc": "cce:/internal/x/cc"
  }
}
12:01:02.666 debug: Initializing target [Preview]
12:01:02.666 debug: Loading cache
12:01:02.668 debug: Loading cache costs 1.2179999999998472ms.
12:01:02.668 debug: Our import map(foo:/bar): {
  "imports": {
    "cc": "cce:/internal/x/cc"
  }
}
12:01:02.713 debug: Sync engine features: 2d,affine-transform,animation,audio,base,custom-pipeline,dragon-bones,gfx-webgl,gfx-webgl2,graphics,intersection-2d,mask,particle-2d,physics-2d-builtin,profiler,rich-text,spine-3.8,tiled-map,tween,ui,video,webview
12:01:02.716 debug: Reset databases. Enumerated domains: [
  {
    "root": "db://internal/",
    "physical": "C:\\ProgramData\\cocos\\editors\\Creator\\3.8.7\\resources\\resources\\3d\\engine\\editor\\assets"
  },
  {
    "root": "db://assets/",
    "physical": "D:\\Works\\Cocos\\WxMiniGames\\FlowersArrangement\\assets"
  }
]
12:01:02.716 debug: Our import map(foo:/bar): {
  "imports": {
    "cc": "cce:/internal/x/cc",
    "db://internal/": "file:///C:/ProgramData/cocos/editors/Creator/3.8.7/resources/resources/3d/engine/editor/assets/",
    "db://assets/": "file:///D:/Works/Cocos/WxMiniGames/FlowersArrangement/assets/"
  }
}
12:01:02.717 debug: Our import map(foo:/bar): {
  "imports": {
    "cc": "cce:/internal/x/cc",
    "db://internal/": "file:///C:/ProgramData/cocos/editors/Creator/3.8.7/resources/resources/3d/engine/editor/assets/",
    "db://assets/": "file:///D:/Works/Cocos/WxMiniGames/FlowersArrangement/assets/"
  }
}
12:01:02.718 debug: Pulling asset-db.
12:01:02.720 debug: Fetch asset-db cost: 2.376299999999901ms.
12:01:02.722 debug: Build iteration starts.
Number of accumulated asset changes: 0
Feature changed: false
12:01:02.722 debug: Target(editor) build started.
12:01:02.725 debug: Detected change: cce:/internal/x/cc. Last mtime: Thu Jan 01 1970 08:00:04 GMT+0800 (香港标准时间), Current mtime: Thu Jan 01 1970 08:00:05 GMT+0800 (香港标准时间)
12:01:02.725 debug: Inspect cce:/internal/x/cc
12:01:02.794 debug: transform url: 'cce:/internal/x/cc' costs: 69.00 ms
12:01:02.795 debug: Resolve cce:/internal/x/cc-fu/base from cce:/internal/x/cc as external dependency cce:/internal/x/cc-fu/base.
12:01:02.795 debug: Resolve cce:/internal/x/cc-fu/gfx-webgl from cce:/internal/x/cc as external dependency cce:/internal/x/cc-fu/gfx-webgl.
12:01:02.795 debug: Resolve cce:/internal/x/cc-fu/gfx-webgl2 from cce:/internal/x/cc as external dependency cce:/internal/x/cc-fu/gfx-webgl2.
12:01:02.795 debug: Resolve cce:/internal/x/cc-fu/gfx-empty from cce:/internal/x/cc as external dependency cce:/internal/x/cc-fu/gfx-empty.
12:01:02.795 debug: Resolve cce:/internal/x/cc-fu/gfx-webgpu from cce:/internal/x/cc as external dependency cce:/internal/x/cc-fu/gfx-webgpu.
12:01:02.795 debug: Resolve cce:/internal/x/cc-fu/3d from cce:/internal/x/cc as external dependency cce:/internal/x/cc-fu/3d.
12:01:02.795 debug: Resolve cce:/internal/x/cc-fu/animation from cce:/internal/x/cc as external dependency cce:/internal/x/cc-fu/animation.
12:01:02.795 debug: Resolve cce:/internal/x/cc-fu/skeletal-animation from cce:/internal/x/cc as external dependency cce:/internal/x/cc-fu/skeletal-animation.
12:01:02.795 debug: Resolve cce:/internal/x/cc-fu/2d from cce:/internal/x/cc as external dependency cce:/internal/x/cc-fu/2d.
12:01:02.796 debug: Resolve cce:/internal/x/cc-fu/sorting from cce:/internal/x/cc as external dependency cce:/internal/x/cc-fu/sorting.
12:01:02.796 debug: Resolve cce:/internal/x/cc-fu/rich-text from cce:/internal/x/cc as external dependency cce:/internal/x/cc-fu/rich-text.
12:01:02.796 debug: Resolve cce:/internal/x/cc-fu/mask from cce:/internal/x/cc as external dependency cce:/internal/x/cc-fu/mask.
12:01:02.796 debug: Resolve cce:/internal/x/cc-fu/graphics from cce:/internal/x/cc as external dependency cce:/internal/x/cc-fu/graphics.
12:01:02.796 debug: Resolve cce:/internal/x/cc-fu/ui-skew from cce:/internal/x/cc as external dependency cce:/internal/x/cc-fu/ui-skew.
12:01:02.796 debug: Resolve cce:/internal/x/cc-fu/ui from cce:/internal/x/cc as external dependency cce:/internal/x/cc-fu/ui.
12:01:02.796 debug: Resolve cce:/internal/x/cc-fu/affine-transform from cce:/internal/x/cc as external dependency cce:/internal/x/cc-fu/affine-transform.
12:01:02.796 debug: Resolve cce:/internal/x/cc-fu/sorting-2d from cce:/internal/x/cc as external dependency cce:/internal/x/cc-fu/sorting-2d.
12:01:02.796 debug: Resolve cce:/internal/x/cc-fu/particle from cce:/internal/x/cc as external dependency cce:/internal/x/cc-fu/particle.
12:01:02.796 debug: Resolve cce:/internal/x/cc-fu/particle-2d from cce:/internal/x/cc as external dependency cce:/internal/x/cc-fu/particle-2d.
12:01:02.796 debug: Resolve cce:/internal/x/cc-fu/physics-framework from cce:/internal/x/cc as external dependency cce:/internal/x/cc-fu/physics-framework.
12:01:02.796 debug: Resolve cce:/internal/x/cc-fu/physics-cannon from cce:/internal/x/cc as external dependency cce:/internal/x/cc-fu/physics-cannon.
12:01:02.796 debug: Resolve cce:/internal/x/cc-fu/physics-physx from cce:/internal/x/cc as external dependency cce:/internal/x/cc-fu/physics-physx.
12:01:02.796 debug: Resolve cce:/internal/x/cc-fu/physics-ammo from cce:/internal/x/cc as external dependency cce:/internal/x/cc-fu/physics-ammo.
12:01:02.796 debug: Resolve cce:/internal/x/cc-fu/physics-builtin from cce:/internal/x/cc as external dependency cce:/internal/x/cc-fu/physics-builtin.
12:01:02.796 debug: Resolve cce:/internal/x/cc-fu/physics-2d-framework from cce:/internal/x/cc as external dependency cce:/internal/x/cc-fu/physics-2d-framework.
12:01:02.796 debug: Resolve cce:/internal/x/cc-fu/physics-2d-box2d-jsb from cce:/internal/x/cc as external dependency cce:/internal/x/cc-fu/physics-2d-box2d-jsb.
12:01:02.796 debug: Resolve cce:/internal/x/cc-fu/physics-2d-box2d from cce:/internal/x/cc as external dependency cce:/internal/x/cc-fu/physics-2d-box2d.
12:01:02.796 debug: Resolve cce:/internal/x/cc-fu/physics-2d-builtin from cce:/internal/x/cc as external dependency cce:/internal/x/cc-fu/physics-2d-builtin.
12:01:02.796 debug: Resolve cce:/internal/x/cc-fu/physics-2d-box2d-wasm from cce:/internal/x/cc as external dependency cce:/internal/x/cc-fu/physics-2d-box2d-wasm.
12:01:02.796 debug: Resolve cce:/internal/x/cc-fu/intersection-2d from cce:/internal/x/cc as external dependency cce:/internal/x/cc-fu/intersection-2d.
12:01:02.796 debug: Resolve cce:/internal/x/cc-fu/primitive from cce:/internal/x/cc as external dependency cce:/internal/x/cc-fu/primitive.
12:01:02.796 debug: Resolve cce:/internal/x/cc-fu/profiler from cce:/internal/x/cc as external dependency cce:/internal/x/cc-fu/profiler.
12:01:02.797 debug: Resolve cce:/internal/x/cc-fu/geometry-renderer from cce:/internal/x/cc as external dependency cce:/internal/x/cc-fu/geometry-renderer.
12:01:02.797 debug: Resolve cce:/internal/x/cc-fu/audio from cce:/internal/x/cc as external dependency cce:/internal/x/cc-fu/audio.
12:01:02.797 debug: Resolve cce:/internal/x/cc-fu/video from cce:/internal/x/cc as external dependency cce:/internal/x/cc-fu/video.
12:01:02.797 debug: Resolve cce:/internal/x/cc-fu/xr from cce:/internal/x/cc as external dependency cce:/internal/x/cc-fu/xr.
12:01:02.797 debug: Resolve cce:/internal/x/cc-fu/light-probe from cce:/internal/x/cc as external dependency cce:/internal/x/cc-fu/light-probe.
12:01:02.797 debug: Resolve cce:/internal/x/cc-fu/terrain from cce:/internal/x/cc as external dependency cce:/internal/x/cc-fu/terrain.
12:01:02.797 debug: Resolve cce:/internal/x/cc-fu/webview from cce:/internal/x/cc as external dependency cce:/internal/x/cc-fu/webview.
12:01:02.797 debug: Resolve cce:/internal/x/cc-fu/tween from cce:/internal/x/cc as external dependency cce:/internal/x/cc-fu/tween.
12:01:02.797 debug: Resolve cce:/internal/x/cc-fu/tiled-map from cce:/internal/x/cc as external dependency cce:/internal/x/cc-fu/tiled-map.
12:01:02.797 debug: Resolve cce:/internal/x/cc-fu/vendor-google from cce:/internal/x/cc as external dependency cce:/internal/x/cc-fu/vendor-google.
12:01:02.797 debug: Resolve cce:/internal/x/cc-fu/spine from cce:/internal/x/cc as external dependency cce:/internal/x/cc-fu/spine.
12:01:02.797 debug: Resolve cce:/internal/x/cc-fu/dragon-bones from cce:/internal/x/cc as external dependency cce:/internal/x/cc-fu/dragon-bones.
12:01:02.797 debug: Resolve cce:/internal/x/cc-fu/custom-pipeline from cce:/internal/x/cc as external dependency cce:/internal/x/cc-fu/custom-pipeline.
12:01:02.797 debug: Resolve cce:/internal/x/cc-fu/custom-pipeline-post-process from cce:/internal/x/cc as external dependency cce:/internal/x/cc-fu/custom-pipeline-post-process.
12:01:02.797 debug: Resolve cce:/internal/x/cc-fu/legacy-pipeline from cce:/internal/x/cc as external dependency cce:/internal/x/cc-fu/legacy-pipeline.
12:01:02.797 debug: Detected change: cce:/internal/x/prerequisite-imports. Last mtime: Fri Jan 02 1970 10:41:35 GMT+0800 (香港标准时间), Current mtime: Thu Jan 01 1970 08:00:05 GMT+0800 (香港标准时间)
12:01:02.797 debug: Inspect cce:/internal/x/prerequisite-imports
12:01:02.814 debug: transform url: 'cce:/internal/x/prerequisite-imports' costs: 16.60 ms
12:01:02.839 debug: Target(editor) ends with cost 116.9339ms.
12:01:02.839 debug: Target(preview) build started.
12:01:02.841 debug: Detected change: cce:/internal/x/cc. Last mtime: Thu Jan 01 1970 15:12:26 GMT+0800 (香港标准时间), Current mtime: Thu Jan 01 1970 08:00:05 GMT+0800 (香港标准时间)
12:01:02.841 debug: Inspect cce:/internal/x/cc
12:01:02.877 debug: transform url: 'cce:/internal/x/cc' costs: 35.30 ms
12:01:02.877 debug: Resolve cce:/internal/x/cc-fu/2d from cce:/internal/x/cc as external dependency cce:/internal/x/cc-fu/2d.
12:01:02.877 debug: Resolve cce:/internal/x/cc-fu/sorting from cce:/internal/x/cc as external dependency cce:/internal/x/cc-fu/sorting.
12:01:02.877 debug: Resolve cce:/internal/x/cc-fu/affine-transform from cce:/internal/x/cc as external dependency cce:/internal/x/cc-fu/affine-transform.
12:01:02.877 debug: Resolve cce:/internal/x/cc-fu/animation from cce:/internal/x/cc as external dependency cce:/internal/x/cc-fu/animation.
12:01:02.877 debug: Resolve cce:/internal/x/cc-fu/audio from cce:/internal/x/cc as external dependency cce:/internal/x/cc-fu/audio.
12:01:02.877 debug: Resolve cce:/internal/x/cc-fu/base from cce:/internal/x/cc as external dependency cce:/internal/x/cc-fu/base.
12:01:02.877 debug: Resolve cce:/internal/x/cc-fu/custom-pipeline from cce:/internal/x/cc as external dependency cce:/internal/x/cc-fu/custom-pipeline.
12:01:02.877 debug: Resolve cce:/internal/x/cc-fu/dragon-bones from cce:/internal/x/cc as external dependency cce:/internal/x/cc-fu/dragon-bones.
12:01:02.878 debug: Resolve cce:/internal/x/cc-fu/gfx-webgl from cce:/internal/x/cc as external dependency cce:/internal/x/cc-fu/gfx-webgl.
12:01:02.878 debug: Resolve cce:/internal/x/cc-fu/gfx-webgl2 from cce:/internal/x/cc as external dependency cce:/internal/x/cc-fu/gfx-webgl2.
12:01:02.878 debug: Resolve cce:/internal/x/cc-fu/graphics from cce:/internal/x/cc as external dependency cce:/internal/x/cc-fu/graphics.
12:01:02.878 debug: Resolve cce:/internal/x/cc-fu/intersection-2d from cce:/internal/x/cc as external dependency cce:/internal/x/cc-fu/intersection-2d.
12:01:02.878 debug: Resolve cce:/internal/x/cc-fu/mask from cce:/internal/x/cc as external dependency cce:/internal/x/cc-fu/mask.
12:01:02.878 debug: Resolve cce:/internal/x/cc-fu/particle-2d from cce:/internal/x/cc as external dependency cce:/internal/x/cc-fu/particle-2d.
12:01:02.878 debug: Resolve cce:/internal/x/cc-fu/physics-2d-builtin from cce:/internal/x/cc as external dependency cce:/internal/x/cc-fu/physics-2d-builtin.
12:01:02.878 debug: Resolve cce:/internal/x/cc-fu/physics-2d-framework from cce:/internal/x/cc as external dependency cce:/internal/x/cc-fu/physics-2d-framework.
12:01:02.878 debug: Resolve cce:/internal/x/cc-fu/profiler from cce:/internal/x/cc as external dependency cce:/internal/x/cc-fu/profiler.
12:01:02.878 debug: Resolve cce:/internal/x/cc-fu/rich-text from cce:/internal/x/cc as external dependency cce:/internal/x/cc-fu/rich-text.
12:01:02.878 debug: Resolve cce:/internal/x/cc-fu/spine from cce:/internal/x/cc as external dependency cce:/internal/x/cc-fu/spine.
12:01:02.878 debug: Resolve cce:/internal/x/cc-fu/tiled-map from cce:/internal/x/cc as external dependency cce:/internal/x/cc-fu/tiled-map.
12:01:02.878 debug: Resolve cce:/internal/x/cc-fu/tween from cce:/internal/x/cc as external dependency cce:/internal/x/cc-fu/tween.
12:01:02.878 debug: Resolve cce:/internal/x/cc-fu/ui from cce:/internal/x/cc as external dependency cce:/internal/x/cc-fu/ui.
12:01:02.878 debug: Resolve cce:/internal/x/cc-fu/video from cce:/internal/x/cc as external dependency cce:/internal/x/cc-fu/video.
12:01:02.878 debug: Resolve cce:/internal/x/cc-fu/webview from cce:/internal/x/cc as external dependency cce:/internal/x/cc-fu/webview.
12:01:02.879 debug: Detected change: cce:/internal/x/prerequisite-imports. Last mtime: Fri Jan 02 1970 10:41:36 GMT+0800 (香港标准时间), Current mtime: Thu Jan 01 1970 08:00:05 GMT+0800 (香港标准时间)
12:01:02.879 debug: Inspect cce:/internal/x/prerequisite-imports
12:01:02.892 debug: transform url: 'cce:/internal/x/prerequisite-imports' costs: 12.90 ms
12:01:02.895 debug: Target(preview) ends with cost 56.17709999999988ms.
12:01:08.154 debug: Pulling asset-db.
12:01:08.576 debug: Fetch asset-db cost: 421.7664999999997ms.
12:01:08.578 debug: Build iteration starts.
Number of accumulated asset changes: 20
Feature changed: false
12:01:08.579 debug: Target(editor) build started.
12:01:08.581 debug: Detected change: cce:/internal/x/prerequisite-imports. Last mtime: Thu Jan 01 1970 08:00:05 GMT+0800 (香港标准时间), Current mtime: Thu Jan 01 1970 08:00:11 GMT+0800 (香港标准时间)
12:01:08.581 debug: Inspect cce:/internal/x/prerequisite-imports
12:01:08.611 debug: transform url: 'cce:/internal/x/prerequisite-imports' costs: 29.70 ms
12:01:08.613 debug: Resolve file:///C:/ProgramData/cocos/editors/Creator/3.8.7/resources/resources/3d/engine/editor/assets/default_renderpipeline/builtin-dof-pass.ts from cce:/internal/x/prerequisite-imports as file:///C:/ProgramData/cocos/editors/Creator/3.8.7/resources/resources/3d/engine/editor/assets/default_renderpipeline/builtin-dof-pass.ts.
12:01:08.614 debug: Resolve file:///C:/ProgramData/cocos/editors/Creator/3.8.7/resources/resources/3d/engine/editor/assets/default_renderpipeline/builtin-pipeline-pass.ts from cce:/internal/x/prerequisite-imports as file:///C:/ProgramData/cocos/editors/Creator/3.8.7/resources/resources/3d/engine/editor/assets/default_renderpipeline/builtin-pipeline-pass.ts.
12:01:08.614 debug: Resolve file:///C:/ProgramData/cocos/editors/Creator/3.8.7/resources/resources/3d/engine/editor/assets/default_renderpipeline/builtin-pipeline-settings.ts from cce:/internal/x/prerequisite-imports as file:///C:/ProgramData/cocos/editors/Creator/3.8.7/resources/resources/3d/engine/editor/assets/default_renderpipeline/builtin-pipeline-settings.ts.
12:01:08.615 debug: Resolve file:///C:/ProgramData/cocos/editors/Creator/3.8.7/resources/resources/3d/engine/editor/assets/default_renderpipeline/builtin-pipeline-types.ts from cce:/internal/x/prerequisite-imports as file:///C:/ProgramData/cocos/editors/Creator/3.8.7/resources/resources/3d/engine/editor/assets/default_renderpipeline/builtin-pipeline-types.ts.
12:01:08.616 debug: Resolve file:///C:/ProgramData/cocos/editors/Creator/3.8.7/resources/resources/3d/engine/editor/assets/default_renderpipeline/builtin-pipeline.ts from cce:/internal/x/prerequisite-imports as file:///C:/ProgramData/cocos/editors/Creator/3.8.7/resources/resources/3d/engine/editor/assets/default_renderpipeline/builtin-pipeline.ts.
12:01:08.617 debug: Resolve file:///C:/ProgramData/cocos/editors/Creator/3.8.7/resources/resources/3d/engine/editor/assets/tools/debug-view-runtime-control.ts from cce:/internal/x/prerequisite-imports as file:///C:/ProgramData/cocos/editors/Creator/3.8.7/resources/resources/3d/engine/editor/assets/tools/debug-view-runtime-control.ts.
12:01:08.617 debug: Resolve file:///D:/Works/Cocos/WxMiniGames/FlowersArrangement/assets/scripts/Config/Config.ts from cce:/internal/x/prerequisite-imports as file:///D:/Works/Cocos/WxMiniGames/FlowersArrangement/assets/scripts/Config/Config.ts.
12:01:08.618 debug: Resolve file:///D:/Works/Cocos/WxMiniGames/FlowersArrangement/assets/scripts/Core/EventManager.ts from cce:/internal/x/prerequisite-imports as file:///D:/Works/Cocos/WxMiniGames/FlowersArrangement/assets/scripts/Core/EventManager.ts.
12:01:08.621 debug: Resolve file:///D:/Works/Cocos/WxMiniGames/FlowersArrangement/assets/scripts/Core/GameManager.ts from cce:/internal/x/prerequisite-imports as file:///D:/Works/Cocos/WxMiniGames/FlowersArrangement/assets/scripts/Core/GameManager.ts.
12:01:08.621 debug: Resolve file:///D:/Works/Cocos/WxMiniGames/FlowersArrangement/assets/scripts/Core/UIBase.ts from cce:/internal/x/prerequisite-imports as file:///D:/Works/Cocos/WxMiniGames/FlowersArrangement/assets/scripts/Core/UIBase.ts.
12:01:08.622 debug: Resolve file:///D:/Works/Cocos/WxMiniGames/FlowersArrangement/assets/scripts/Core/UIManager.ts from cce:/internal/x/prerequisite-imports as file:///D:/Works/Cocos/WxMiniGames/FlowersArrangement/assets/scripts/Core/UIManager.ts.
12:01:08.622 debug: Resolve file:///D:/Works/Cocos/WxMiniGames/FlowersArrangement/assets/scripts/Launcher.ts from cce:/internal/x/prerequisite-imports as file:///D:/Works/Cocos/WxMiniGames/FlowersArrangement/assets/scripts/Launcher.ts.
12:01:08.623 debug: Resolve file:///D:/Works/Cocos/WxMiniGames/FlowersArrangement/assets/scripts/ScreenAdapter.ts from cce:/internal/x/prerequisite-imports as file:///D:/Works/Cocos/WxMiniGames/FlowersArrangement/assets/scripts/ScreenAdapter.ts.
12:01:08.623 debug: Resolve file:///D:/Works/Cocos/WxMiniGames/FlowersArrangement/assets/scripts/UIScripts/Flower.ts from cce:/internal/x/prerequisite-imports as file:///D:/Works/Cocos/WxMiniGames/FlowersArrangement/assets/scripts/UIScripts/Flower.ts.
12:01:08.624 debug: Resolve file:///D:/Works/Cocos/WxMiniGames/FlowersArrangement/assets/scripts/UIScripts/FlowerPlatform.ts from cce:/internal/x/prerequisite-imports as file:///D:/Works/Cocos/WxMiniGames/FlowersArrangement/assets/scripts/UIScripts/FlowerPlatform.ts.
12:01:08.624 debug: Resolve file:///D:/Works/Cocos/WxMiniGames/FlowersArrangement/assets/scripts/UIScripts/GamePage.ts from cce:/internal/x/prerequisite-imports as file:///D:/Works/Cocos/WxMiniGames/FlowersArrangement/assets/scripts/UIScripts/GamePage.ts.
12:01:08.625 debug: Resolve file:///D:/Works/Cocos/WxMiniGames/FlowersArrangement/assets/scripts/UIScripts/GamePanel.ts from cce:/internal/x/prerequisite-imports as file:///D:/Works/Cocos/WxMiniGames/FlowersArrangement/assets/scripts/UIScripts/GamePanel.ts.
12:01:08.625 debug: Resolve file:///D:/Works/Cocos/WxMiniGames/FlowersArrangement/assets/scripts/UIScripts/LoadingPanel.ts from cce:/internal/x/prerequisite-imports as file:///D:/Works/Cocos/WxMiniGames/FlowersArrangement/assets/scripts/UIScripts/LoadingPanel.ts.
12:01:08.626 debug: Resolve file:///D:/Works/Cocos/WxMiniGames/FlowersArrangement/assets/scripts/UIScripts/MainPanel.ts from cce:/internal/x/prerequisite-imports as file:///D:/Works/Cocos/WxMiniGames/FlowersArrangement/assets/scripts/UIScripts/MainPanel.ts.
12:01:08.626 debug: Resolve file:///D:/Works/Cocos/WxMiniGames/FlowersArrangement/assets/scripts/UIScripts/UIData.ts from cce:/internal/x/prerequisite-imports as file:///D:/Works/Cocos/WxMiniGames/FlowersArrangement/assets/scripts/UIScripts/UIData.ts.
12:01:08.627 debug: Detected change: cce:/internal/code-quality/cr.mjs. Last mtime: Mon Sep 22 2025 09:18:13 GMT+0800 (香港标准时间), Current mtime: Tue Sep 23 2025 12:00:57 GMT+0800 (香港标准时间)
12:01:08.627 debug: Inspect cce:/internal/code-quality/cr.mjs
12:01:08.641 debug: transform url: 'cce:/internal/code-quality/cr.mjs' costs: 14.50 ms
12:01:08.654 debug: Target(editor) ends with cost 74.50650000000132ms.
12:01:08.654 debug: Target(preview) build started.
12:01:08.656 debug: Detected change: cce:/internal/x/prerequisite-imports. Last mtime: Thu Jan 01 1970 08:00:05 GMT+0800 (香港标准时间), Current mtime: Thu Jan 01 1970 08:00:11 GMT+0800 (香港标准时间)
12:01:08.656 debug: Inspect cce:/internal/x/prerequisite-imports
12:01:08.672 debug: transform url: 'cce:/internal/x/prerequisite-imports' costs: 15.80 ms
12:01:08.673 debug: Resolve file:///C:/ProgramData/cocos/editors/Creator/3.8.7/resources/resources/3d/engine/editor/assets/default_renderpipeline/builtin-dof-pass.ts from cce:/internal/x/prerequisite-imports as file:///C:/ProgramData/cocos/editors/Creator/3.8.7/resources/resources/3d/engine/editor/assets/default_renderpipeline/builtin-dof-pass.ts.
12:01:08.674 debug: Resolve file:///C:/ProgramData/cocos/editors/Creator/3.8.7/resources/resources/3d/engine/editor/assets/default_renderpipeline/builtin-pipeline-pass.ts from cce:/internal/x/prerequisite-imports as file:///C:/ProgramData/cocos/editors/Creator/3.8.7/resources/resources/3d/engine/editor/assets/default_renderpipeline/builtin-pipeline-pass.ts.
12:01:08.675 debug: Resolve file:///C:/ProgramData/cocos/editors/Creator/3.8.7/resources/resources/3d/engine/editor/assets/default_renderpipeline/builtin-pipeline-settings.ts from cce:/internal/x/prerequisite-imports as file:///C:/ProgramData/cocos/editors/Creator/3.8.7/resources/resources/3d/engine/editor/assets/default_renderpipeline/builtin-pipeline-settings.ts.
12:01:08.675 debug: Resolve file:///C:/ProgramData/cocos/editors/Creator/3.8.7/resources/resources/3d/engine/editor/assets/default_renderpipeline/builtin-pipeline-types.ts from cce:/internal/x/prerequisite-imports as file:///C:/ProgramData/cocos/editors/Creator/3.8.7/resources/resources/3d/engine/editor/assets/default_renderpipeline/builtin-pipeline-types.ts.
12:01:08.676 debug: Resolve file:///C:/ProgramData/cocos/editors/Creator/3.8.7/resources/resources/3d/engine/editor/assets/default_renderpipeline/builtin-pipeline.ts from cce:/internal/x/prerequisite-imports as file:///C:/ProgramData/cocos/editors/Creator/3.8.7/resources/resources/3d/engine/editor/assets/default_renderpipeline/builtin-pipeline.ts.
12:01:08.676 debug: Resolve file:///C:/ProgramData/cocos/editors/Creator/3.8.7/resources/resources/3d/engine/editor/assets/tools/debug-view-runtime-control.ts from cce:/internal/x/prerequisite-imports as file:///C:/ProgramData/cocos/editors/Creator/3.8.7/resources/resources/3d/engine/editor/assets/tools/debug-view-runtime-control.ts.
12:01:08.677 debug: Resolve file:///D:/Works/Cocos/WxMiniGames/FlowersArrangement/assets/scripts/Config/Config.ts from cce:/internal/x/prerequisite-imports as file:///D:/Works/Cocos/WxMiniGames/FlowersArrangement/assets/scripts/Config/Config.ts.
12:01:08.677 debug: Resolve file:///D:/Works/Cocos/WxMiniGames/FlowersArrangement/assets/scripts/Core/EventManager.ts from cce:/internal/x/prerequisite-imports as file:///D:/Works/Cocos/WxMiniGames/FlowersArrangement/assets/scripts/Core/EventManager.ts.
12:01:08.678 debug: Resolve file:///D:/Works/Cocos/WxMiniGames/FlowersArrangement/assets/scripts/Core/GameManager.ts from cce:/internal/x/prerequisite-imports as file:///D:/Works/Cocos/WxMiniGames/FlowersArrangement/assets/scripts/Core/GameManager.ts.
12:01:08.678 debug: Resolve file:///D:/Works/Cocos/WxMiniGames/FlowersArrangement/assets/scripts/Core/UIBase.ts from cce:/internal/x/prerequisite-imports as file:///D:/Works/Cocos/WxMiniGames/FlowersArrangement/assets/scripts/Core/UIBase.ts.
12:01:08.678 debug: Resolve file:///D:/Works/Cocos/WxMiniGames/FlowersArrangement/assets/scripts/Core/UIManager.ts from cce:/internal/x/prerequisite-imports as file:///D:/Works/Cocos/WxMiniGames/FlowersArrangement/assets/scripts/Core/UIManager.ts.
12:01:08.679 debug: Resolve file:///D:/Works/Cocos/WxMiniGames/FlowersArrangement/assets/scripts/Launcher.ts from cce:/internal/x/prerequisite-imports as file:///D:/Works/Cocos/WxMiniGames/FlowersArrangement/assets/scripts/Launcher.ts.
12:01:08.679 debug: Resolve file:///D:/Works/Cocos/WxMiniGames/FlowersArrangement/assets/scripts/ScreenAdapter.ts from cce:/internal/x/prerequisite-imports as file:///D:/Works/Cocos/WxMiniGames/FlowersArrangement/assets/scripts/ScreenAdapter.ts.
12:01:08.680 debug: Resolve file:///D:/Works/Cocos/WxMiniGames/FlowersArrangement/assets/scripts/UIScripts/Flower.ts from cce:/internal/x/prerequisite-imports as file:///D:/Works/Cocos/WxMiniGames/FlowersArrangement/assets/scripts/UIScripts/Flower.ts.
12:01:08.680 debug: Resolve file:///D:/Works/Cocos/WxMiniGames/FlowersArrangement/assets/scripts/UIScripts/FlowerPlatform.ts from cce:/internal/x/prerequisite-imports as file:///D:/Works/Cocos/WxMiniGames/FlowersArrangement/assets/scripts/UIScripts/FlowerPlatform.ts.
12:01:08.681 debug: Resolve file:///D:/Works/Cocos/WxMiniGames/FlowersArrangement/assets/scripts/UIScripts/GamePage.ts from cce:/internal/x/prerequisite-imports as file:///D:/Works/Cocos/WxMiniGames/FlowersArrangement/assets/scripts/UIScripts/GamePage.ts.
12:01:08.681 debug: Resolve file:///D:/Works/Cocos/WxMiniGames/FlowersArrangement/assets/scripts/UIScripts/GamePanel.ts from cce:/internal/x/prerequisite-imports as file:///D:/Works/Cocos/WxMiniGames/FlowersArrangement/assets/scripts/UIScripts/GamePanel.ts.
12:01:08.682 debug: Resolve file:///D:/Works/Cocos/WxMiniGames/FlowersArrangement/assets/scripts/UIScripts/LoadingPanel.ts from cce:/internal/x/prerequisite-imports as file:///D:/Works/Cocos/WxMiniGames/FlowersArrangement/assets/scripts/UIScripts/LoadingPanel.ts.
12:01:08.682 debug: Resolve file:///D:/Works/Cocos/WxMiniGames/FlowersArrangement/assets/scripts/UIScripts/MainPanel.ts from cce:/internal/x/prerequisite-imports as file:///D:/Works/Cocos/WxMiniGames/FlowersArrangement/assets/scripts/UIScripts/MainPanel.ts.
12:01:08.683 debug: Resolve file:///D:/Works/Cocos/WxMiniGames/FlowersArrangement/assets/scripts/UIScripts/UIData.ts from cce:/internal/x/prerequisite-imports as file:///D:/Works/Cocos/WxMiniGames/FlowersArrangement/assets/scripts/UIScripts/UIData.ts.
12:01:08.683 debug: Detected change: cce:/internal/code-quality/cr.mjs. Last mtime: Mon Sep 22 2025 09:18:13 GMT+0800 (香港标准时间), Current mtime: Tue Sep 23 2025 12:00:57 GMT+0800 (香港标准时间)
12:01:08.683 debug: Inspect cce:/internal/code-quality/cr.mjs
12:01:08.697 debug: transform url: 'cce:/internal/code-quality/cr.mjs' costs: 13.50 ms
12:01:08.709 debug: Target(preview) ends with cost 54.89300000000003ms.
